============================= test session starts =============================
platform win32 -- Python 3.13.13, pytest-9.1.1, pluggy-1.6.0 -- H:\Projects\ai_ops\venv\Scripts\python.exe
cachedir: .pytest_cache
django: version: 5.2.1, settings: ai_ops.settings.dev (from ini)
rootdir: H:\Projects\ai_ops
configfile: pytest.ini
plugins: Faker-40.36.0, cov-7.1.0, django-4.12.0
collecting ... collected 793 items

tests/accounts/test_managers.py::TestUserManager::test_create_user_successfully PASSED [  0%]
tests/accounts/test_managers.py::TestUserManager::test_create_user_without_email_raises_error PASSED [  0%]
tests/accounts/test_managers.py::TestUserManager::test_create_user_password_is_hashed PASSED [  0%]
tests/accounts/test_managers.py::TestUserManager::test_create_user_without_password PASSED [  0%]
tests/accounts/test_managers.py::TestUserManager::test_create_superuser_successfully PASSED [  0%]
tests/accounts/test_managers.py::TestUserManager::test_create_superuser_requires_is_staff_true PASSED [  0%]
tests/accounts/test_managers.py::TestUserManager::test_create_superuser_requires_is_superuser_true PASSED [  0%]
tests/accounts/test_managers.py::TestUserManager::test_email_is_normalized PASSED [  1%]
tests/accounts/test_models.py::TestUserModel::test_email_is_normalized_on_save PASSED [  1%]
tests/accounts/test_models.py::TestUserModel::test_default_is_verified_false PASSED [  1%]
tests/accounts/test_models.py::TestUserModel::test_default_auth_provider_local PASSED [  1%]
tests/accounts/test_models.py::TestUserModel::test_provider_id_default_none PASSED [  1%]
tests/accounts/test_models.py::TestUserModel::test_string_representation_returns_email PASSED [  1%]
tests/accounts/test_models.py::TestUserModel::test_username_field_is_email PASSED [  1%]
tests/accounts/test_models.py::TestUserModel::test_required_fields_empty PASSED [  1%]
tests/accounts/test_models.py::TestEmailVerificationTokenModel::test_string_representation PASSED [  2%]
tests/accounts/test_models.py::TestEmailVerificationTokenModel::test_token_not_expired_initially PASSED [  2%]
tests/accounts/test_models.py::TestEmailVerificationTokenModel::test_token_expired_after_24_hours PASSED [  2%]
tests/accounts/test_models.py::TestEmailVerificationTokenModel::test_related_name_email_tokens PASSED [  2%]
tests/accounts/test_models.py::TestEmailVerificationTokenModel::test_cascade_delete_user_removes_token PASSED [  2%]
tests/accounts/test_models.py::TestPasswordResetTokenModel::test_string_representation PASSED [  2%]
tests/accounts/test_models.py::TestPasswordResetTokenModel::test_token_not_expired_initially PASSED [  2%]
tests/accounts/test_models.py::TestPasswordResetTokenModel::test_token_expired_after_30_minutes PASSED [  2%]
tests/accounts/test_models.py::TestPasswordResetTokenModel::test_related_name_password_reset_tokens PASSED [  3%]
tests/accounts/test_models.py::TestPasswordResetTokenModel::test_cascade_delete_user_removes_reset_token PASSED [  3%]
tests/accounts/test_models.py::TestUserSessionModel::test_default_is_active_true PASSED [  3%]
tests/accounts/test_models.py::TestUserSessionModel::test_string_representation PASSED [  3%]
tests/accounts/test_models.py::TestUserSessionModel::test_related_name_sessions PASSED [  3%]
tests/accounts/test_models.py::TestUserSessionModel::test_cascade_delete_user_removes_sessions PASSED [  3%]
tests/accounts/test_models.py::TestUserSessionModel::test_session_active_index_exists PASSED [  3%]
tests/accounts/test_serializers.py::TestRegisterSerializer::test_valid_serializer PASSED [  3%]
tests/accounts/test_serializers.py::TestRegisterSerializer::test_duplicate_email_validation PASSED [  4%]
tests/accounts/test_serializers.py::TestRegisterSerializer::test_first_name_is_trimmed PASSED [  4%]
tests/accounts/test_serializers.py::TestRegisterSerializer::test_blank_first_name_fails PASSED [  4%]
tests/accounts/test_serializers.py::TestRegisterSerializer::test_password_validation_called PASSED [  4%]
tests/accounts/test_services.py::TestCreateUserService::test_create_user_successfully PASSED [  4%]
tests/accounts/test_services.py::TestCreateUserService::test_duplicate_email_raises_error PASSED [  4%]
tests/accounts/test_services.py::TestSendVerificationEmailService::test_send_verification_email_creates_token PASSED [  4%]
tests/accounts/test_services.py::TestSendVerificationEmailService::test_verified_user_receives_no_email PASSED [  4%]
tests/accounts/test_services.py::TestSendVerificationEmailService::test_previous_tokens_are_removed PASSED [  5%]
tests/accounts/test_services.py::TestVerifyEmailService::test_verify_email_successfully PASSED [  5%]
tests/accounts/test_services.py::TestVerifyEmailService::test_invalid_token_raises_error PASSED [  5%]
tests/accounts/test_services.py::TestVerifyEmailService::test_expired_token_raises_error PASSED [  5%]
tests/accounts/test_services.py::TestVerifyEmailService::test_already_verified_user_is_supported PASSED [  5%]
tests/accounts/test_services.py::TestResendVerificationEmailService::test_resend_verification_email PASSED [  5%]
tests/accounts/test_services.py::TestResendVerificationEmailService::test_verified_user_does_not_receive_email PASSED [  5%]
tests/accounts/test_services.py::TestResendVerificationEmailService::test_unknown_email_returns_silently PASSED [  5%]
tests/accounts/test_services.py::TestLoginUserService::test_login_successfully PASSED [  6%]
tests/accounts/test_services.py::TestLoginUserService::test_login_unknown_email PASSED [  6%]
tests/accounts/test_services.py::TestLoginUserService::test_login_wrong_password PASSED [  6%]
tests/accounts/test_services.py::TestLoginUserService::test_login_unverified_user PASSED [  6%]
tests/accounts/test_services.py::TestLoginUserService::test_login_disabled_account PASSED [  6%]
tests/accounts/test_services.py::TestRefreshAccessTokenService::test_refresh_access_token_success PASSED [  6%]
tests/accounts/test_services.py::TestRefreshAccessTokenService::test_invalid_refresh_token PASSED [  6%]
tests/accounts/test_services.py::TestRefreshAccessTokenService::test_invalid_payload PASSED [  6%]
tests/accounts/test_services.py::TestRefreshAccessTokenService::test_missing_session PASSED [  7%]
tests/accounts/test_services.py::TestRefreshAccessTokenService::test_disabled_user PASSED [  7%]
tests/accounts/test_services.py::TestRefreshAccessTokenService::test_refresh_token_hash_mismatch PASSED [  7%]
tests/accounts/test_services.py::TestLogoutUserService::test_logout_deactivates_session PASSED [  7%]
tests/accounts/test_services.py::TestLogoutUserService::test_logout_unknown_session PASSED [  7%]
tests/accounts/test_services.py::TestRequestPasswordResetService::test_request_password_reset_successfully PASSED [  7%]
tests/accounts/test_services.py::TestRequestPasswordResetService::test_previous_reset_tokens_are_deleted PASSED [  7%]
tests/accounts/test_services.py::TestRequestPasswordResetService::test_unknown_email_returns_silently PASSED [  7%]
tests/accounts/test_services.py::TestResetPasswordService::test_reset_password_successfully PASSED [  8%]
tests/accounts/test_services.py::TestResetPasswordService::test_invalid_token_raises_error PASSED [  8%]
tests/accounts/test_services.py::TestResetPasswordService::test_expired_token_raises_error PASSED [  8%]
tests/accounts/test_services.py::TestResetPasswordService::test_password_is_changed PASSED [  8%]
tests/accounts/test_services.py::TestResetPasswordService::test_all_sessions_are_invalidated PASSED [  8%]
tests/accounts/test_services.py::TestResetPasswordService::test_used_token_is_deleted PASSED [  8%]
tests/accounts/test_services.py::TestCleanupExpiredVerificationTokensService::test_cleanup_deletes_only_expired_tokens PASSED [  8%]
tests/accounts/test_services.py::TestCleanupExpiredVerificationTokensService::test_cleanup_when_no_expired_tokens PASSED [  8%]
tests/accounts/test_services.py::TestCleanupExpiredPasswordResetTokensService::test_cleanup_deletes_only_expired_reset_tokens PASSED [  9%]
tests/accounts/test_services.py::TestCleanupExpiredPasswordResetTokensService::test_cleanup_when_nothing_is_expired PASSED [  9%]
tests/accounts/test_services.py::TestCleanupInactiveSessionsService::test_cleanup_removes_old_inactive_sessions PASSED [  9%]
tests/accounts/test_services.py::TestCleanupInactiveSessionsService::test_cleanup_when_no_sessions_are_old PASSED [  9%]
tests/accounts/test_services.py::TestGoogleVerifyTokenService::test_verify_google_token_success PASSED [  9%]
tests/accounts/test_services.py::TestGoogleVerifyTokenService::test_invalid_google_token PASSED [  9%]
tests/accounts/test_services.py::TestGoogleVerifyTokenService::test_missing_email PASSED [  9%]
tests/accounts/test_services.py::TestGoogleVerifyTokenService::test_missing_google_subject PASSED [  9%]
tests/accounts/test_services.py::TestGoogleVerifyTokenService::test_email_not_verified PASSED [ 10%]
tests/accounts/test_services.py::TestGoogleVerifyTokenService::test_invalid_google_issuer PASSED [ 10%]
tests/accounts/test_services.py::TestGoogleGetOrCreateUser::test_create_new_google_user PASSED [ 10%]
tests/accounts/test_services.py::TestGoogleGetOrCreateUser::test_existing_local_user_is_updated PASSED [ 10%]
tests/accounts/test_services.py::TestGoogleGetOrCreateUser::test_existing_google_user_returns_same_user PASSED [ 10%]
tests/accounts/test_services.py::TestGoogleGetOrCreateUser::test_disabled_user_cannot_login PASSED [ 10%]
tests/accounts/test_services.py::TestGoogleGetOrCreateUser::test_email_is_normalized PASSED [ 10%]
tests/accounts/test_services.py::TestGoogleCreateUserSession::test_create_user_session_success PASSED [ 10%]
tests/accounts/test_services.py::TestGoogleCreateUserSession::test_refresh_token_is_hashed PASSED [ 11%]
tests/accounts/test_services.py::TestGoogleLoginService::test_google_login_success PASSED [ 11%]
tests/accounts/test_services.py::TestGoogleLoginService::test_verify_google_token_failure PASSED [ 11%]
tests/accounts/test_services.py::TestGoogleLoginService::test_get_user_failure PASSED [ 11%]
tests/accounts/test_services.py::TestGoogleLoginService::test_create_session_failure PASSED [ 11%]
tests/accounts/test_services.py::TestGoogleLoginService::test_methods_are_called_in_order PASSED [ 11%]
tests/accounts/test_tokens.py::TestToken::test_generate_access_token PASSED [ 11%]
tests/accounts/test_tokens.py::TestToken::test_generate_refresh_token PASSED [ 11%]
tests/accounts/test_tokens.py::TestToken::test_decode_access_token PASSED [ 12%]
tests/accounts/test_tokens.py::TestToken::test_decode_refresh_token PASSED [ 12%]
tests/accounts/test_tokens.py::TestToken::test_decode_invalid_token_returns_none PASSED [ 12%]
tests/accounts/test_tokens.py::TestToken::test_access_token_contains_standard_claims PASSED [ 12%]
tests/accounts/test_tokens.py::TestToken::test_refresh_token_contains_standard_claims PASSED [ 12%]
tests/accounts/test_tokens.py::TestToken::test_access_and_refresh_tokens_are_different PASSED [ 12%]
tests/accounts/test_tokens.py::TestToken::test_session_id_is_embedded_in_both_tokens PASSED [ 12%]
tests/accounts/test_tokens.py::TestToken::test_tokens_belong_to_correct_user PASSED [ 12%]
tests/accounts/test_views.py::TestRegisterAPIView::test_register_successfully PASSED [ 13%]
tests/accounts/test_views.py::TestRegisterAPIView::test_register_when_email_service_fails PASSED [ 13%]
tests/accounts/test_views.py::TestRegisterAPIView::test_register_duplicate_email PASSED [ 13%]
tests/accounts/test_views.py::TestRegisterAPIView::test_register_invalid_password PASSED [ 13%]
tests/accounts/test_views.py::TestRegisterAPIView::test_register_blank_first_name PASSED [ 13%]
tests/accounts/test_views.py::TestRegisterAPIView::test_register_missing_required_fields PASSED [ 13%]
tests/accounts/test_views.py::TestRegisterAPIView::test_register_email_is_normalized PASSED [ 13%]
tests/accounts/test_views.py::TestRegisterAPIView::test_register_first_name_is_trimmed PASSED [ 13%]
tests/accounts/test_views.py::TestLoginAPIView::test_login_successfully PASSED [ 14%]
tests/accounts/test_views.py::TestLoginAPIView::test_invalid_credentials PASSED [ 14%]
tests/accounts/test_views.py::TestLoginAPIView::test_unverified_email PASSED [ 14%]
tests/accounts/test_views.py::TestLoginAPIView::test_disabled_account PASSED [ 14%]
tests/accounts/test_views.py::TestLoginAPIView::test_login_serializer_validation_error PASSED [ 14%]
tests/accounts/test_views.py::TestLoginAPIView::test_login_email_is_normalized PASSED [ 14%]
tests/accounts/test_views.py::TestVerifyEmailAPIView::test_verify_email_successfully PASSED [ 14%]
tests/accounts/test_views.py::TestVerifyEmailAPIView::test_verify_email_without_token PASSED [ 15%]
tests/accounts/test_views.py::TestVerifyEmailAPIView::test_invalid_token PASSED [ 15%]
tests/accounts/test_views.py::TestVerifyEmailAPIView::test_expired_token PASSED [ 15%]
tests/accounts/test_views.py::TestVerifyEmailAPIView::test_service_exception_is_propagated PASSED [ 15%]
tests/accounts/test_views.py::TestResendVerificationEmailAPIView::test_resend_verification_email_successfully PASSED [ 15%]
tests/accounts/test_views.py::TestResendVerificationEmailAPIView::test_missing_email PASSED [ 15%]
tests/accounts/test_views.py::TestResendVerificationEmailAPIView::test_invalid_email_format PASSED [ 15%]
tests/accounts/test_views.py::TestResendVerificationEmailAPIView::test_email_is_normalized_before_service_call PASSED [ 15%]
tests/accounts/test_views.py::TestResendVerificationEmailAPIView::test_service_is_called_once PASSED [ 16%]
tests/accounts/test_views.py::TestRefreshTokenAPIView::test_refresh_access_token_successfully PASSED [ 16%]
tests/accounts/test_views.py::TestRefreshTokenAPIView::test_invalid_refresh_token PASSED [ 16%]
tests/accounts/test_views.py::TestRefreshTokenAPIView::test_expired_session PASSED [ 16%]
tests/accounts/test_views.py::TestRefreshTokenAPIView::test_missing_refresh_token PASSED [ 16%]
tests/accounts/test_views.py::TestRefreshTokenAPIView::test_blank_refresh_token PASSED [ 16%]
tests/accounts/test_views.py::TestRefreshTokenAPIView::test_refresh_token_is_trimmed_before_service_call PASSED [ 16%]
tests/accounts/test_views.py::TestRefreshTokenAPIView::test_service_called_once PASSED [ 16%]
tests/accounts/test_views.py::TestLogoutAPIView::test_logout_successfully PASSED [ 17%]
tests/accounts/test_views.py::TestLogoutAPIView::test_missing_session_id_returns_error PASSED [ 17%]
tests/accounts/test_views.py::TestLogoutAPIView::test_none_session_id_returns_error PASSED [ 17%]
tests/accounts/test_views.py::TestLogoutAPIView::test_logout_service_called_once PASSED [ 17%]
tests/accounts/test_views.py::TestPasswordResetRequestAPIView::test_password_reset_request_success PASSED [ 17%]
tests/accounts/test_views.py::TestPasswordResetRequestAPIView::test_invalid_email_returns_400 PASSED [ 17%]
tests/accounts/test_views.py::TestPasswordResetRequestAPIView::test_missing_email_returns_400 PASSED [ 17%]
tests/accounts/test_views.py::TestPasswordResetRequestAPIView::test_email_is_normalized_before_service PASSED [ 17%]
tests/accounts/test_views.py::TestPasswordResetConfirmAPIView::test_password_reset_confirm_success PASSED [ 18%]
tests/accounts/test_views.py::TestPasswordResetConfirmAPIView::test_invalid_token_returns_400 PASSED [ 18%]
tests/accounts/test_views.py::TestPasswordResetConfirmAPIView::test_missing_token PASSED [ 18%]
tests/accounts/test_views.py::TestPasswordResetConfirmAPIView::test_missing_password PASSED [ 18%]
tests/accounts/test_views.py::TestPasswordResetConfirmAPIView::test_blank_token PASSED [ 18%]
tests/accounts/test_views.py::TestPasswordResetConfirmAPIView::test_weak_password PASSED [ 18%]
tests/accounts/test_views.py::TestGoogleLoginAPIView::test_google_login_success PASSED [ 18%]
tests/accounts/test_views.py::TestGoogleLoginAPIView::test_invalid_google_token PASSED [ 18%]
tests/accounts/test_views.py::TestGoogleLoginAPIView::test_missing_id_token PASSED [ 19%]
tests/accounts/test_views.py::TestGoogleLoginAPIView::test_blank_id_token PASSED [ 19%]
tests/accounts/test_views.py::TestGoogleLoginAPIView::test_disabled_account PASSED [ 19%]
tests/accounts/test_views.py::TestGoogleLoginAPIView::test_google_login_service_called PASSED [ 19%]
tests/accounts/test_views.py::TestGoogleLoginTestAPIView::test_google_test_page_renders PASSED [ 19%]
tests/accounts/test_views.py::TestGoogleLoginTestAPIView::test_google_client_id_in_context PASSED [ 19%]
tests/alerts/test_cleanup_service.py::TestCleanupResolvedAlertsService::test_deletes_old_resolved_alert PASSED [ 19%]
tests/alerts/test_cleanup_service.py::TestCleanupResolvedAlertsService::test_does_not_delete_recent_resolved_alert PASSED [ 19%]
tests/alerts/test_cleanup_service.py::TestCleanupResolvedAlertsService::test_does_not_delete_open_alert PASSED [ 20%]
tests/alerts/test_cleanup_service.py::TestCleanupResolvedAlertsService::test_does_not_delete_acknowledged_alert PASSED [ 20%]
tests/alerts/test_cleanup_service.py::TestCleanupResolvedAlertsService::test_returns_deleted_count PASSED [ 20%]
tests/alerts/test_cleanup_service.py::TestCleanupResolvedAlertsService::test_logs_deleted_count PASSED [ 20%]
tests/alerts/test_cleanup_service.py::TestCleanupResolvedAlertsService::test_boundary_alert_is_not_deleted PASSED [ 20%]
tests/alerts/test_cleanup_service.py::TestCleanupResolvedAlertsService::test_multiple_old_resolved_alerts_deleted PASSED [ 20%]
tests/alerts/test_cleanup_service.py::TestCleanupResolvedAlertsService::test_returns_zero_when_nothing_to_delete PASSED [ 20%]
tests/alerts/test_cleanup_service.py::TestCleanupResolvedAlertsService::test_old_and_recent_resolved_alerts PASSED [ 20%]
tests/alerts/test_cleanup_service.py::TestCleanupResolvedAlertsService::test_only_resolved_alerts_are_deleted PASSED [ 21%]
tests/alerts/test_cleanup_service.py::TestCleanupResolvedAlertsService::test_logs_zero_deleted_alerts PASSED [ 21%]
tests/alerts/test_cleanup_service.py::TestCleanupAlertsService::test_calls_cleanup_resolved_alerts PASSED [ 21%]
tests/alerts/test_cleanup_service.py::TestCleanupAlertsService::test_returns_expected_dictionary PASSED [ 21%]
tests/alerts/test_cleanup_service.py::TestCleanupAlertsService::test_logs_cleanup_start PASSED [ 21%]
tests/alerts/test_cleanup_service.py::TestCleanupAlertsService::test_logs_cleanup_completion PASSED [ 21%]
tests/alerts/test_cleanup_service.py::TestCleanupAlertsService::test_returns_zero_when_no_alerts_deleted PASSED [ 21%]
tests/alerts/test_cleanup_service.py::TestCleanupAlertsService::test_returns_deleted_count PASSED [ 21%]
tests/alerts/test_cleanup_service.py::TestCleanupAlertsService::test_logger_info_called_twice PASSED [ 22%]
tests/alerts/test_cleanup_service.py::TestCleanupAlertsService::test_cleanup_result_used_in_response PASSED [ 22%]
tests/alerts/test_email_service.py::TestEmailSubject::test_build_subject_returns_expected_format PASSED [ 22%]
tests/alerts/test_email_service.py::TestEmailSubject::test_subject_contains_uppercase_severity PASSED [ 22%]
tests/alerts/test_email_service.py::TestEmailSubject::test_subject_contains_alert_type_display PASSED [ 22%]
tests/alerts/test_email_service.py::TestEmailSubject::test_subject_contains_service_name PASSED [ 22%]
tests/alerts/test_email_service.py::TestEmailSubject::test_subject_for_high_latency_alert PASSED [ 22%]
tests/alerts/test_email_service.py::TestEmailSubject::test_subject_has_three_sections PASSED [ 22%]
tests/alerts/test_email_service.py::TestEmailBody::test_body_contains_alert_title PASSED [ 23%]
tests/alerts/test_email_service.py::TestEmailBody::test_body_contains_alert_id PASSED [ 23%]
tests/alerts/test_email_service.py::TestEmailBody::test_body_contains_service_name PASSED [ 23%]
tests/alerts/test_email_service.py::TestEmailBody::test_body_contains_alert_type_display PASSED [ 23%]
tests/alerts/test_email_service.py::TestEmailBody::test_body_contains_severity_display PASSED [ 23%]
tests/alerts/test_email_service.py::TestEmailBody::test_body_contains_status_display PASSED [ 23%]
tests/alerts/test_email_service.py::TestEmailBody::test_body_contains_message PASSED [ 23%]
tests/alerts/test_email_service.py::TestEmailBody::test_body_contains_trigger_count PASSED [ 23%]
tests/alerts/test_email_service.py::TestEmailBody::test_body_contains_created_at PASSED [ 24%]
tests/alerts/test_email_service.py::TestEmailBody::test_body_contains_last_triggered_at PASSED [ 24%]
tests/alerts/test_email_service.py::TestEmailBody::test_body_is_stripped PASSED [ 24%]
tests/alerts/test_email_service.py::TestEmailBody::test_body_contains_all_expected_sections[Alert ID] PASSED [ 24%]
tests/alerts/test_email_service.py::TestEmailBody::test_body_contains_all_expected_sections[Service] PASSED [ 24%]
tests/alerts/test_email_service.py::TestEmailBody::test_body_contains_all_expected_sections[Alert Type] PASSED [ 24%]
tests/alerts/test_email_service.py::TestEmailBody::test_body_contains_all_expected_sections[Severity] PASSED [ 24%]
tests/alerts/test_email_service.py::TestEmailBody::test_body_contains_all_expected_sections[Status] PASSED [ 24%]
tests/alerts/test_email_service.py::TestEmailBody::test_body_contains_all_expected_sections[Message] PASSED [ 25%]
tests/alerts/test_email_service.py::TestEmailBody::test_body_contains_all_expected_sections[Trigger Count] PASSED [ 25%]
tests/alerts/test_email_service.py::TestEmailBody::test_body_contains_all_expected_sections[Created At] PASSED [ 25%]
tests/alerts/test_email_service.py::TestEmailBody::test_body_contains_all_expected_sections[Last Triggered] PASSED [ 25%]
tests/alerts/test_email_service.py::TestEmailBody::test_body_supports_multiline_message PASSED [ 25%]
tests/alerts/test_email_service.py::TestEmailBody::test_body_handles_empty_message PASSED [ 25%]
tests/alerts/test_email_service.py::TestEmailBody::test_body_handles_zero_trigger_count PASSED [ 25%]
tests/alerts/test_email_service.py::TestSendAlertEmailSuccess::test_returns_true_when_email_sent PASSED [ 25%]
tests/alerts/test_email_service.py::TestSendAlertEmailSuccess::test_send_email_called_once PASSED [ 26%]
tests/alerts/test_email_service.py::TestSendAlertEmailSuccess::test_send_email_receives_correct_subject PASSED [ 26%]
tests/alerts/test_email_service.py::TestSendAlertEmailSuccess::test_send_email_receives_correct_body PASSED [ 26%]
tests/alerts/test_email_service.py::TestSendAlertEmailSuccess::test_send_email_receives_recipient_list PASSED [ 26%]
tests/alerts/test_email_service.py::TestSendAlertEmailSuccess::test_logs_before_sending_email PASSED [ 26%]
tests/alerts/test_email_service.py::TestSendAlertEmailSuccess::test_logs_success_after_email_sent PASSED [ 26%]
tests/alerts/test_email_service.py::TestSendAlertEmailSuccess::test_subject_and_body_builders_called_once PASSED [ 26%]
tests/alerts/test_email_service.py::TestSendAlertEmailSuccess::test_send_email_uses_builder_results PASSED [ 26%]
tests/alerts/test_email_service.py::TestSendAlertEmailSuccess::test_logger_info_called_twice PASSED [ 27%]
tests/alerts/test_email_service.py::TestSendAlertEmailSuccess::test_exception_logger_not_called_on_success PASSED [ 27%]
tests/alerts/test_email_service.py::TestSendAlertEmailSuccess::test_email_service_accepts_all_alert_types[error] PASSED [ 27%]
tests/alerts/test_email_service.py::TestSendAlertEmailSuccess::test_email_service_accepts_all_alert_types[downtime] PASSED [ 27%]
tests/alerts/test_email_service.py::TestSendAlertEmailSuccess::test_email_service_accepts_all_alert_types[high_latency] PASSED [ 27%]
tests/alerts/test_email_service.py::TestSendAlertEmailSuccess::test_email_service_accepts_all_severities[low] PASSED [ 27%]
tests/alerts/test_email_service.py::TestSendAlertEmailSuccess::test_email_service_accepts_all_severities[medium] PASSED [ 27%]
tests/alerts/test_email_service.py::TestSendAlertEmailSuccess::test_email_service_accepts_all_severities[high] PASSED [ 27%]
tests/alerts/test_email_service.py::TestSendAlertEmailSuccess::test_email_service_accepts_all_severities[critical] PASSED [ 28%]
tests/alerts/test_email_service.py::TestSendAlertEmailFailure::test_exception_is_reraised PASSED [ 28%]
tests/alerts/test_email_service.py::TestSendAlertEmailFailure::test_logs_exception_when_send_fails PASSED [ 28%]
tests/alerts/test_email_service.py::TestSendAlertEmailFailure::test_success_log_not_written_when_email_fails PASSED [ 28%]
tests/alerts/test_email_service.py::TestSendAlertEmailFailure::test_preparing_log_still_written_when_email_fails PASSED [ 28%]
tests/alerts/test_email_service.py::TestSendAlertEmailFailure::test_send_email_called_once_before_failure PASSED [ 28%]
tests/alerts/test_email_service.py::TestSendAlertEmailFailure::test_builders_called_even_when_send_fails PASSED [ 28%]
tests/alerts/test_email_service.py::TestEmailServiceEdgeCase::test_handles_empty_message PASSED [ 29%]
tests/alerts/test_email_service.py::TestEmailServiceEdgeCase::test_handles_zero_trigger_count PASSED [ 29%]
tests/alerts/test_email_service.py::TestEmailServiceEdgeCase::test_handles_none_last_triggered_at PASSED [ 29%]
tests/alerts/test_email_service.py::TestEmailServiceEdgeCase::test_handles_long_message PASSED [ 29%]
tests/alerts/test_email_service.py::TestEmailServiceEdgeCase::test_handles_unicode_message PASSED [ 29%]
tests/alerts/test_email_service.py::TestEmailServiceEdgeCase::test_handles_multiline_message PASSED [ 29%]
tests/alerts/test_filters.py::TestAlertFilter::test_filter_by_service PASSED [ 29%]
tests/alerts/test_filters.py::TestAlertFilter::test_filter_by_status_case_insensitive PASSED [ 29%]
tests/alerts/test_filters.py::TestAlertFilter::test_filter_by_alert_type_case_insensitive PASSED [ 30%]
tests/alerts/test_filters.py::TestAlertFilter::test_filter_by_severity_case_insensitive PASSED [ 30%]
tests/alerts/test_filters.py::TestAlertFilter::test_filter_by_message_icontains PASSED [ 30%]
tests/alerts/test_filters.py::TestAlertFilter::test_message_filter_is_case_insensitive PASSED [ 30%]
tests/alerts/test_filters.py::TestAlertFilter::test_filter_by_created_after PASSED [ 30%]
tests/alerts/test_filters.py::TestAlertFilter::test_filter_by_created_before PASSED [ 30%]
tests/alerts/test_filters.py::TestAlertFilter::test_filter_by_last_triggered_after PASSED [ 30%]
tests/alerts/test_filters.py::TestAlertFilter::test_filter_by_last_triggered_before PASSED [ 30%]
tests/alerts/test_filters.py::TestAlertFilter::test_filter_by_min_trigger_count PASSED [ 31%]
tests/alerts/test_filters.py::TestAlertFilter::test_filter_by_max_trigger_count PASSED [ 31%]
tests/alerts/test_filters.py::TestAlertFilter::test_multiple_filters_can_be_combined PASSED [ 31%]
tests/alerts/test_filters.py::TestAlertFilter::test_returns_empty_queryset_when_no_match PASSED [ 31%]
tests/alerts/test_filters.py::TestAlertFilter::test_empty_filter_returns_all_alerts PASSED [ 31%]
tests/alerts/test_filters.py::TestAlertFilter::test_invalid_service_returns_empty_queryset PASSED [ 31%]
tests/alerts/test_filters.py::TestAlertFilter::test_filterset_model PASSED [ 31%]
tests/alerts/test_filters.py::TestAlertFilter::test_filterset_fields PASSED [ 31%]
tests/alerts/test_models.py::TestAlertModel::test_create_alert_successfully PASSED [ 32%]
tests/alerts/test_models.py::TestAlertModel::test_default_status_is_open PASSED [ 32%]
tests/alerts/test_models.py::TestAlertModel::test_default_severity_is_medium PASSED [ 32%]
tests/alerts/test_models.py::TestAlertModel::test_default_trigger_count_is_one PASSED [ 32%]
tests/alerts/test_models.py::TestAlertModel::test_last_triggered_at_is_set PASSED [ 32%]
tests/alerts/test_models.py::TestAlertModel::test_string_representation PASSED [ 32%]
tests/alerts/test_models.py::TestAlertModel::test_all_alert_types_work PASSED [ 32%]
tests/alerts/test_models.py::TestAlertModel::test_all_status_choices_work PASSED [ 32%]
tests/alerts/test_models.py::TestAlertModel::test_all_severity_choices_work PASSED [ 33%]
tests/alerts/test_models.py::TestAlertModel::test_is_active_true_when_open PASSED [ 33%]
tests/alerts/test_models.py::TestAlertModel::test_is_active_true_when_acknowledged PASSED [ 33%]
tests/alerts/test_models.py::TestAlertModel::test_is_active_false_when_resolved PASSED [ 33%]
tests/alerts/test_models.py::TestAlertModel::test_mark_resolved_updates_status PASSED [ 33%]
tests/alerts/test_models.py::TestAlertModel::test_mark_resolved_sets_resolved_at PASSED [ 33%]
tests/alerts/test_models.py::TestAlertModel::test_increment_increases_trigger_count PASSED [ 33%]
tests/alerts/test_models.py::TestAlertModel::test_increment_updates_last_triggered_at PASSED [ 33%]
tests/alerts/test_models.py::TestAlertModel::test_only_one_active_alert_allowed_same_service_type_key PASSED [ 34%]
tests/alerts/test_models.py::TestAlertModel::test_resolved_alert_allows_new_active_alert PASSED [ 34%]
tests/alerts/test_models.py::TestAlertModel::test_alert_deleted_when_service_deleted PASSED [ 34%]
tests/alerts/test_models.py::TestAlertModel::test_log_can_be_null PASSED [ 34%]
tests/alerts/test_models.py::TestAlertModel::test_alerts_ordered_by_latest_trigger_first PASSED [ 34%]
tests/alerts/test_models.py::TestAlertModel::test_meta_ordering PASSED   [ 34%]
tests/alerts/test_models.py::TestAlertModel::test_expected_indexes_exist PASSED [ 34%]
tests/alerts/test_notification_service.py::TestNotificationEmail::test_email_sent_when_enabled PASSED [ 34%]
tests/alerts/test_notification_service.py::TestNotificationEmail::test_email_not_sent_when_disabled PASSED [ 35%]
tests/alerts/test_notification_service.py::TestNotificationEmail::test_email_dispatch_log_written PASSED [ 35%]
tests/alerts/test_notification_service.py::TestNotificationEmail::test_email_success_log_written PASSED [ 35%]
tests/alerts/test_notification_service.py::TestNotificationEmail::test_disabled_email_log_written PASSED [ 35%]
tests/alerts/test_notification_service.py::TestNotificationEmail::test_email_service_called_once PASSED [ 35%]
tests/alerts/test_notification_service.py::TestNotificationEmail::test_email_receives_same_alert_instance PASSED [ 35%]
tests/alerts/test_notification_service.py::TestNotificationSlack::test_slack_sent_when_enabled PASSED [ 35%]
tests/alerts/test_notification_service.py::TestNotificationSlack::test_slack_not_sent_when_disabled PASSED [ 35%]
tests/alerts/test_notification_service.py::TestNotificationSlack::test_slack_dispatch_log_written PASSED [ 36%]
tests/alerts/test_notification_service.py::TestNotificationSlack::test_slack_success_log_written PASSED [ 36%]
tests/alerts/test_notification_service.py::TestNotificationSlack::test_disabled_slack_log_written PASSED [ 36%]
tests/alerts/test_notification_service.py::TestNotificationSlack::test_slack_service_called_once PASSED [ 36%]
tests/alerts/test_notification_service.py::TestNotificationSlack::test_slack_receives_same_alert_instance PASSED [ 36%]
tests/alerts/test_notification_service.py::TestNotificationEmailFailure::test_email_failure_logged PASSED [ 36%]
tests/alerts/test_notification_service.py::TestNotificationEmailFailure::test_email_failure_does_not_raise PASSED [ 36%]
tests/alerts/test_notification_service.py::TestNotificationEmailFailure::test_finish_log_written_after_email_failure PASSED [ 36%]
tests/alerts/test_notification_service.py::TestNotificationSlackFailure::test_slack_failure_logged PASSED [ 37%]
tests/alerts/test_notification_service.py::TestNotificationSlackFailure::test_slack_failure_does_not_raise PASSED [ 37%]
tests/alerts/test_notification_service.py::TestNotificationSlackFailure::test_finish_log_written_after_slack_failure PASSED [ 37%]
tests/alerts/test_notification_service.py::TestNotificationBothProvidersFailure::test_both_failures_logged PASSED [ 37%]
tests/alerts/test_notification_service.py::TestNotificationBothProvidersFailure::test_dispatch_finishes_when_both_fail PASSED [ 37%]
tests/alerts/test_notification_service.py::TestNotificationServiceEdgeCase::test_dispatch_accepts_all_alert_types[error] PASSED [ 37%]
tests/alerts/test_notification_service.py::TestNotificationServiceEdgeCase::test_dispatch_accepts_all_alert_types[downtime] PASSED [ 37%]
tests/alerts/test_notification_service.py::TestNotificationServiceEdgeCase::test_dispatch_accepts_all_alert_types[high_latency] PASSED [ 37%]
tests/alerts/test_notification_service.py::TestNotificationServiceEdgeCase::test_dispatch_accepts_all_severities[low] PASSED [ 38%]
tests/alerts/test_notification_service.py::TestNotificationServiceEdgeCase::test_dispatch_accepts_all_severities[medium] PASSED [ 38%]
tests/alerts/test_notification_service.py::TestNotificationServiceEdgeCase::test_dispatch_accepts_all_severities[high] PASSED [ 38%]
tests/alerts/test_notification_service.py::TestNotificationServiceEdgeCase::test_dispatch_accepts_all_severities[critical] PASSED [ 38%]
tests/alerts/test_notification_service.py::TestNotificationServiceEdgeCase::test_dispatch_handles_empty_message PASSED [ 38%]
tests/alerts/test_notification_service.py::TestNotificationServiceEdgeCase::test_dispatch_handles_unicode_message PASSED [ 38%]
tests/alerts/test_pagination.py::TestAlertCursorPaginationFunctional::test_returns_first_page PASSED [ 38%]
tests/alerts/test_pagination.py::TestAlertCursorPaginationFunctional::test_respects_custom_page_size PASSED [ 38%]
tests/alerts/test_pagination.py::TestAlertCursorPaginationFunctional::test_caps_page_size_at_max PASSED [ 39%]
tests/alerts/test_pagination.py::TestAlertCursorPaginationFunctional::test_returns_all_results_when_less_than_page_size PASSED [ 39%]
tests/alerts/test_pagination.py::TestAlertCursorPaginationFunctional::test_results_ordered_by_created_at_desc PASSED [ 39%]
tests/alerts/test_pagination.py::TestAlertCursorPaginationFunctional::test_next_link_generated PASSED [ 39%]
tests/alerts/test_serializers.py::TestAlertWriteSerializer::test_valid_alert_creation PASSED [ 39%]
tests/alerts/test_serializers.py::TestAlertWriteSerializer::test_invalid_severity_fails PASSED [ 39%]
tests/alerts/test_serializers.py::TestAlertWriteSerializer::test_invalid_status_fails PASSED [ 39%]
tests/alerts/test_serializers.py::TestAlertWriteSerializer::test_invalid_alert_type_fails PASSED [ 39%]
tests/alerts/test_serializers.py::TestAlertWriteSerializer::test_alert_key_is_trimmed PASSED [ 40%]
tests/alerts/test_serializers.py::TestAlertWriteSerializer::test_empty_alert_key_fails PASSED [ 40%]
tests/alerts/test_serializers.py::TestAlertWriteSerializer::test_invalid_alert_key_format_fails PASSED [ 40%]
tests/alerts/test_serializers.py::TestAlertWriteSerializer::test_message_can_be_blank PASSED [ 40%]
tests/alerts/test_serializers.py::TestAlertReadSerializer::test_read_serializer_returns_expected_fields PASSED [ 40%]
tests/alerts/test_serializers.py::TestAlertReadSerializer::test_read_serializer_contains_read_only_fields PASSED [ 40%]
tests/alerts/test_tasks.py::TestDispatchAlertNotificationsTask::test_loads_alert_by_id PASSED [ 40%]
tests/alerts/test_tasks.py::TestDispatchAlertNotificationsTask::test_select_related_used PASSED [ 40%]
tests/alerts/test_tasks.py::TestDispatchAlertNotificationsTask::test_dispatch_service_called PASSED [ 41%]
tests/alerts/test_tasks.py::TestDispatchAlertNotificationsTask::test_dispatch_receives_same_alert PASSED [ 41%]
tests/alerts/test_tasks.py::TestDispatchAlertNotificationsTask::test_logs_task_start PASSED [ 41%]
tests/alerts/test_tasks.py::TestDispatchAlertNotificationsTask::test_logs_task_finish PASSED [ 41%]
tests/alerts/test_tasks.py::TestDispatchAlertNotificationsTask::test_missing_alert_logs_warning PASSED [ 41%]
tests/alerts/test_tasks.py::TestDispatchAlertNotificationsTask::test_missing_alert_returns_none PASSED [ 41%]
tests/alerts/test_tasks.py::TestDispatchAlertNotificationsTask::test_missing_alert_does_not_dispatch PASSED [ 41%]
tests/alerts/test_tasks.py::TestDispatchAlertNotificationsTask::test_database_error_propagates_for_retry PASSED [ 41%]
tests/alerts/test_tasks.py::TestDispatchAlertNotificationsTask::test_connection_error_propagates_for_retry PASSED [ 42%]
tests/alerts/test_views.py::TestAlertAuthentication::test_list_requires_authentication PASSED [ 42%]
tests/alerts/test_views.py::TestAlertAuthentication::test_retrieve_requires_authentication PASSED [ 42%]
tests/alerts/test_views.py::TestAlertCreateAPIView::test_create_alert_successfully PASSED [ 42%]
tests/alerts/test_views.py::TestAlertCreateAPIView::test_create_alert_missing_required_fields PASSED [ 42%]
tests/alerts/test_views.py::TestAlertCreateAPIView::test_create_alert_invalid_alert_type PASSED [ 42%]
tests/alerts/test_views.py::TestAlertCreateAPIView::test_create_alert_invalid_alert_key_format PASSED [ 42%]
tests/alerts/test_views.py::TestAlertCreateAPIView::test_create_uses_write_serializer PASSED [ 43%]
tests/alerts/test_views.py::TestAlertListAPIView::test_list_returns_alerts PASSED [ 43%]
tests/alerts/test_views.py::TestAlertListAPIView::test_list_returns_only_active_alerts_by_default PASSED [ 43%]
tests/alerts/test_views.py::TestAlertListAPIView::test_list_can_filter_resolved_alerts PASSED [ 43%]
tests/alerts/test_views.py::TestAlertListAPIView::test_list_contains_pagination_keys PASSED [ 43%]
tests/alerts/test_views.py::TestAlertListAPIView::test_list_uses_read_serializer PASSED [ 43%]
tests/alerts/test_views.py::TestAlertRetrieveAPIView::test_retrieve_existing_alert PASSED [ 43%]
tests/alerts/test_views.py::TestAlertRetrieveAPIView::test_retrieve_non_existing_alert_returns_404 PASSED [ 43%]
tests/alerts/test_views.py::TestAlertRetrieveAPIView::test_retrieve_uses_read_serializer PASSED [ 44%]
tests/alerts/test_views.py::TestAlertResolveAPIView::test_resolve_alert_successfully PASSED [ 44%]
tests/alerts/test_views.py::TestAlertResolveAPIView::test_resolve_requires_resolution_note PASSED [ 44%]
tests/alerts/test_views.py::TestAlertResolveAPIView::test_resolve_uses_resolve_serializer PASSED [ 44%]
tests/alerts/test_views.py::TestAlertHTTPRestriction::test_put_not_allowed PASSED [ 44%]
tests/alerts/test_views.py::TestAlertHTTPRestriction::test_patch_not_allowed PASSED [ 44%]
tests/alerts/test_views.py::TestAlertHTTPRestriction::test_delete_not_allowed PASSED [ 44%]
tests/alerts/test_views.py::TestAlertViewSetInternal::test_get_serializer_returns_read_serializer_by_default PASSED [ 44%]
tests/alerts/test_views.py::TestAlertViewSetInternal::test_queryset_exists PASSED [ 45%]
tests/alerts/test_views.py::TestAlertViewSetInternal::test_queryset_default_ordering PASSED [ 45%]
tests/alerts/test_views.py::TestAlertViewSetInternal::test_http_methods_are_restricted PASSED [ 45%]
tests/alerts/test_views.py::TestAlertViewSetInternal::test_permission_classes PASSED [ 45%]
tests/alerts/test_views.py::TestAlertViewSetInternal::test_filter_configuration PASSED [ 45%]
tests/alerts/test_views.py::TestAlertViewSetInternal::test_pagination_configuration PASSED [ 45%]
tests/apis/test_alerts.py::TestListAlertsAPI::test_list_alerts_default_filter PASSED [ 45%]
tests/apis/test_alerts.py::TestListAlertsAPI::test_list_alerts_explicit_status_filter PASSED [ 45%]
tests/apis/test_alerts.py::TestListAlertsAPI::test_list_alerts_ordering PASSED [ 46%]
tests/apis/test_alerts.py::TestListAlertsAPI::test_list_alerts_unauthenticated PASSED [ 46%]
tests/apis/test_alerts.py::TestRetrieveAlertAPI::test_retrieve_alert_success PASSED [ 46%]
tests/apis/test_alerts.py::TestRetrieveAlertAPI::test_retrieve_alert_not_found PASSED [ 46%]
tests/apis/test_alerts.py::TestRetrieveAlertAPI::test_retrieve_alert_unauthenticated PASSED [ 46%]
tests/apis/test_alerts.py::TestCreateAlertAPI::test_create_alert_success PASSED [ 46%]
tests/apis/test_alerts.py::TestCreateAlertAPI::test_create_alert_validation[payload_override0-service] PASSED [ 46%]
tests/apis/test_alerts.py::TestCreateAlertAPI::test_create_alert_validation[payload_override1-severity] PASSED [ 46%]
tests/apis/test_alerts.py::TestCreateAlertAPI::test_create_alert_validation[payload_override2-status] PASSED [ 47%]
tests/apis/test_alerts.py::TestCreateAlertAPI::test_create_alert_validation[payload_override3-alert_type] PASSED [ 47%]
tests/apis/test_alerts.py::TestCreateAlertAPI::test_create_alert_validation[payload_override4-alert_key] PASSED [ 47%]
tests/apis/test_alerts.py::TestCreateAlertAPI::test_create_alert_validation[payload_override5-alert_key] PASSED [ 47%]
tests/apis/test_alerts.py::TestCreateAlertAPI::test_create_alert_duplicate_constraint PASSED [ 47%]
tests/apis/test_alerts.py::TestCreateAlertAPI::test_create_alert_unauthenticated PASSED [ 47%]
tests/apis/test_alerts.py::TestResolveAlertAPI::test_resolve_alert_success PASSED [ 47%]
tests/apis/test_alerts.py::TestResolveAlertAPI::test_resolve_alert_missing_note_fails PASSED [ 47%]
tests/apis/test_alerts.py::TestResolveAlertAPI::test_resolve_alert_unauthenticated PASSED [ 48%]
tests/apis/test_alerts.py::TestBlockedMethodsAPI::test_blocked_methods_on_detail[put] PASSED [ 48%]
tests/apis/test_alerts.py::TestBlockedMethodsAPI::test_blocked_methods_on_detail[patch] PASSED [ 48%]
tests/apis/test_alerts.py::TestBlockedMethodsAPI::test_blocked_methods_on_detail[delete] PASSED [ 48%]
tests/apis/test_auth.py::TestRegisterAPI::test_register_success PASSED   [ 48%]
tests/apis/test_auth.py::TestRegisterAPI::test_register_invalid_payload[invalid_payload0] PASSED [ 48%]
tests/apis/test_auth.py::TestRegisterAPI::test_register_invalid_payload[invalid_payload1] PASSED [ 48%]
tests/apis/test_auth.py::TestRegisterAPI::test_register_invalid_payload[invalid_payload2] PASSED [ 48%]
tests/apis/test_auth.py::TestRegisterAPI::test_register_duplicate_email PASSED [ 49%]
tests/apis/test_auth.py::TestLoginAPI::test_login_success PASSED         [ 49%]
tests/apis/test_auth.py::TestLoginAPI::test_login_invalid_credentials[payload0] PASSED [ 49%]
tests/apis/test_auth.py::TestLoginAPI::test_login_invalid_credentials[payload1] PASSED [ 49%]
tests/apis/test_auth.py::TestLoginAPI::test_login_missing_fields PASSED  [ 49%]
tests/apis/test_auth.py::TestRefreshTokenAPI::test_refresh_invalid_token PASSED [ 49%]
tests/apis/test_auth.py::TestRefreshTokenAPI::test_refresh_missing_token PASSED [ 49%]
tests/apis/test_auth.py::TestLogoutAPI::test_logout_without_authentication PASSED [ 49%]
tests/apis/test_auth.py::TestLogoutAPI::test_logout_authenticated_user PASSED [ 50%]
tests/apis/test_health.py::TestHealthAPI::test_health_check_success PASSED [ 50%]
tests/apis/test_health.py::TestHealthAPI::test_health_check_database_failure PASSED [ 50%]
tests/apis/test_health.py::TestHealthAPI::test_health_check_redis_failure PASSED [ 50%]
tests/apis/test_health.py::TestHealthAPI::test_health_check_celery_failure PASSED [ 50%]
tests/apis/test_health.py::TestHealthAPI::test_health_check_unexpected_exception PASSED [ 50%]
tests/apis/test_health.py::TestHealthAPI::test_health_check_graceful_fallback PASSED [ 50%]
tests/apis/test_logs.py::TestListLogsAPI::test_list_logs_success PASSED  [ 50%]
tests/apis/test_logs.py::TestListLogsAPI::test_list_logs_unauthenticated PASSED [ 51%]
tests/apis/test_logs.py::TestListLogsAPI::test_list_logs_filtering PASSED [ 51%]
tests/apis/test_logs.py::TestListLogsAPI::test_list_logs_ordering PASSED [ 51%]
tests/apis/test_logs.py::TestRetrieveLogAPI::test_retrieve_log_success PASSED [ 51%]
tests/apis/test_logs.py::TestRetrieveLogAPI::test_retrieve_log_not_found PASSED [ 51%]
tests/apis/test_logs.py::TestRetrieveLogAPI::test_retrieve_log_unauthenticated PASSED [ 51%]
tests/apis/test_logs.py::TestCreateLogAPI::test_create_log_success PASSED [ 51%]
tests/apis/test_logs.py::TestCreateLogAPI::test_create_log_default_message PASSED [ 51%]
tests/apis/test_logs.py::TestCreateLogAPI::test_create_log_unauthenticated PASSED [ 52%]
tests/apis/test_logs.py::TestCreateLogAPI::test_create_log_validation[payload_override0-service] PASSED [ 52%]
tests/apis/test_logs.py::TestCreateLogAPI::test_create_log_validation[payload_override1-status] PASSED [ 52%]
tests/apis/test_logs.py::TestCreateLogAPI::test_create_log_validation[payload_override2-status] PASSED [ 52%]
tests/apis/test_logs.py::TestCreateLogAPI::test_create_log_validation[payload_override3-response_time_ms] PASSED [ 52%]
tests/apis/test_logs.py::TestCreateLogAPI::test_create_log_validation[payload_override4-status_code] PASSED [ 52%]
tests/apis/test_logs.py::TestCreateLogAPI::test_create_log_validation[payload_override5-status_code] PASSED [ 52%]
tests/apis/test_logs.py::TestCreateLogAPI::test_create_log_validation[payload_override6-non_field_errors] PASSED [ 52%]
tests/apis/test_logs.py::TestBlockedMethodsAPI::test_blocked_methods_on_detail[put] PASSED [ 53%]
tests/apis/test_logs.py::TestBlockedMethodsAPI::test_blocked_methods_on_detail[patch] PASSED [ 53%]
tests/apis/test_logs.py::TestBlockedMethodsAPI::test_blocked_methods_on_detail[delete] PASSED [ 53%]
tests/factories/test_factories.py::TestFactories::test_user_factory PASSED [ 53%]
tests/factories/test_factories.py::TestFactories::test_service_factory PASSED [ 53%]
tests/factories/test_factories.py::TestFactories::test_log_factory PASSED [ 53%]
tests/factories/test_factories.py::TestFactories::test_alert_factory PASSED [ 53%]
tests/integration/test_alert_notification.py::TestAlertNotificationWorkflow::test_notification_task_success PASSED [ 53%]
tests/integration/test_alert_notification.py::TestAlertNotificationWorkflow::test_notification_task_disabled_in_settings PASSED [ 54%]
tests/integration/test_alert_notification.py::TestAlertNotificationWorkflow::test_notification_provider_isolation PASSED [ 54%]
tests/integration/test_alert_notification.py::TestAlertNotificationWorkflow::test_notification_task_deleted_alert PASSED [ 54%]
tests/integration/test_email_verification_workflow.py::TestEmailVerificationWorkflow::test_registration_to_verification_workflow PASSED [ 54%]
tests/integration/test_email_verification_workflow.py::TestEmailVerificationWorkflow::test_verification_already_verified_user PASSED [ 54%]
tests/integration/test_email_verification_workflow.py::TestEmailVerificationWorkflow::test_verification_invalid_token PASSED [ 54%]
tests/integration/test_email_verification_workflow.py::TestEmailVerificationWorkflow::test_verification_missing_token PASSED [ 54%]
tests/integration/test_email_verification_workflow.py::TestEmailVerificationWorkflow::test_resend_verification_workflow PASSED [ 54%]
tests/integration/test_email_verification_workflow.py::TestEmailVerificationWorkflow::test_resend_verification_already_verified PASSED [ 55%]
tests/integration/test_email_verification_workflow.py::TestEmailVerificationWorkflow::test_resend_verification_nonexistent_email PASSED [ 55%]
tests/integration/test_health_monitoring.py::TestHealthMonitoringWorkflow::test_health_endpoint_success PASSED [ 55%]
tests/integration/test_health_monitoring.py::TestHealthMonitoringWorkflow::test_health_endpoint_database_failure PASSED [ 55%]
tests/integration/test_health_monitoring.py::TestHealthMonitoringWorkflow::test_health_endpoint_redis_failure PASSED [ 55%]
tests/integration/test_health_monitoring.py::TestHealthMonitoringWorkflow::test_health_endpoint_celery_worker_failure PASSED [ 55%]
tests/integration/test_health_monitoring.py::TestHealthMonitoringWorkflow::test_health_orchestrator_catches_unhandled_exceptions PASSED [ 55%]
tests/integration/test_log_to_alert.py::TestLogToAlertWorkflow::test_log_triggers_error_alert PASSED [ 55%]
tests/integration/test_log_to_alert.py::TestLogToAlertWorkflow::test_log_triggers_high_latency_alert PASSED [ 56%]
tests/integration/test_log_to_alert.py::TestLogToAlertWorkflow::test_duplicate_log_increments_existing_alert PASSED [ 56%]
tests/integration/test_log_to_alert.py::TestLogToAlertWorkflow::test_alert_cooldown_prevents_spam PASSED [ 56%]
tests/integration/test_log_to_alert.py::TestLogToAlertWorkflow::test_benign_log_ignored PASSED [ 56%]
tests/integration/test_login_workflow.py::TestLoginWorkflow::test_login_workflow_success PASSED [ 56%]
tests/integration/test_login_workflow.py::TestLoginWorkflow::test_login_workflow_unverified_user PASSED [ 56%]
tests/integration/test_login_workflow.py::TestLoginWorkflow::test_login_workflow_inactive_user PASSED [ 56%]
tests/integration/test_login_workflow.py::TestLoginWorkflow::test_login_workflow_invalid_password PASSED [ 56%]
tests/integration/test_login_workflow.py::TestLoginWorkflow::test_login_workflow_nonexistent_user PASSED [ 57%]
tests/integration/test_monitoring_pipeline.py::TestMonitoringPipelineWorkflow::test_api_to_celery_pipeline_handoff PASSED [ 57%]
tests/integration/test_monitoring_pipeline.py::TestMonitoringPipelineWorkflow::test_pipeline_rejects_invalid_payload PASSED [ 57%]
tests/integration/test_password_reset_workflow.py::TestPasswordResetWorkflow::test_password_reset_golden_path PASSED [ 57%]
tests/integration/test_password_reset_workflow.py::TestPasswordResetWorkflow::test_password_reset_request_nonexistent_email PASSED [ 57%]
tests/integration/test_password_reset_workflow.py::TestPasswordResetWorkflow::test_password_reset_confirm_invalid_token PASSED [ 57%]
tests/integration/test_password_reset_workflow.py::TestPasswordResetWorkflow::test_password_reset_confirm_expired_token PASSED [ 57%]
tests/integration/test_permission_workflow.py::TestPermissionWorkflow::test_authenticated_access_to_protected_resource PASSED [ 58%]
tests/integration/test_permission_workflow.py::TestPermissionWorkflow::test_unauthenticated_access_rejected PASSED [ 58%]
tests/integration/test_permission_workflow.py::TestPermissionWorkflow::test_invalid_token_format_rejected PASSED [ 58%]
tests/integration/test_permission_workflow.py::TestPermissionWorkflow::test_unprotected_endpoints_remain_accessible PASSED [ 58%]
tests/monitoring/test_alert_service.py::TestBuildAlertKey::test_error_key_contains_service_and_status_code PASSED [ 58%]
tests/monitoring/test_alert_service.py::TestBuildAlertKey::test_error_key_unknown_status_code PASSED [ 58%]
tests/monitoring/test_alert_service.py::TestBuildAlertKey::test_latency_medium_bucket PASSED [ 58%]
tests/monitoring/test_alert_service.py::TestBuildAlertKey::test_latency_high_bucket PASSED [ 58%]
tests/monitoring/test_alert_service.py::TestBuildAlertKey::test_latency_very_high_bucket PASSED [ 59%]
tests/monitoring/test_alert_service.py::TestBuildAlertKey::test_downtime_key PASSED [ 59%]
tests/monitoring/test_alert_service.py::TestBuildAlertKey::test_default_key PASSED [ 59%]
tests/monitoring/test_alert_service.py::TestDetermineSeverity::test_503_is_critical PASSED [ 59%]
tests/monitoring/test_alert_service.py::TestDetermineSeverity::test_500_is_high PASSED [ 59%]
tests/monitoring/test_alert_service.py::TestDetermineSeverity::test_502_is_high PASSED [ 59%]
tests/monitoring/test_alert_service.py::TestDetermineSeverity::test_599_is_high PASSED [ 59%]
tests/monitoring/test_alert_service.py::TestDetermineSeverity::test_404_is_medium PASSED [ 59%]
tests/monitoring/test_alert_service.py::TestDetermineSeverity::test_200_is_medium PASSED [ 60%]
tests/monitoring/test_alert_service.py::TestDetermineSeverity::test_none_status_code_is_medium PASSED [ 60%]
tests/monitoring/test_alert_service.py::TestGetMatchingRules::test_success_log_returns_no_rules PASSED [ 60%]
tests/monitoring/test_alert_service.py::TestGetMatchingRules::test_error_status_matches_error_rule PASSED [ 60%]
tests/monitoring/test_alert_service.py::TestGetMatchingRules::test_status_code_500_matches_error_rule PASSED [ 60%]
tests/monitoring/test_alert_service.py::TestGetMatchingRules::test_high_latency_matches_latency_rule PASSED [ 60%]
tests/monitoring/test_alert_service.py::TestGetMatchingRules::test_exact_threshold_not_matched PASSED [ 60%]
tests/monitoring/test_alert_service.py::TestGetMatchingRules::test_error_and_latency_match_two_rules PASSED [ 60%]
tests/monitoring/test_alert_service.py::TestGetMatchingRules::test_none_response_time PASSED [ 61%]
tests/monitoring/test_alert_service.py::TestGetMatchingRules::test_none_status_code PASSED [ 61%]
tests/monitoring/test_alert_service.py::TestProcessRule::test_error_rule_calls_create_update PASSED [ 61%]
tests/monitoring/test_alert_service.py::TestProcessRule::test_latency_rule_calls_create_update PASSED [ 61%]
tests/monitoring/test_alert_service.py::TestProcessRule::test_very_high_latency_is_high_severity PASSED [ 61%]
tests/monitoring/test_alert_service.py::TestProcessRule::test_unknown_rule_returns_none PASSED [ 61%]
tests/monitoring/test_alert_service.py::TestCreateOrUpdateAlert::test_create_new_alert PASSED [ 61%]
tests/monitoring/test_alert_service.py::TestCreateOrUpdateAlert::test_existing_alert_increments_trigger_count PASSED [ 61%]
tests/monitoring/test_alert_service.py::TestCreateOrUpdateAlert::test_alert_in_cooldown_not_incremented PASSED [ 62%]
tests/monitoring/test_alert_service.py::TestCreateOrUpdateAlert::test_integrity_error_recovery_existing_alert PASSED [ 62%]
tests/monitoring/test_alert_service.py::TestCreateOrUpdateAlert::test_integrity_error_recovery_creates_new_alert PASSED [ 62%]
tests/monitoring/test_cleanup_service.py::TestCleanupOldLogsService::test_deletes_logs_older_than_retention PASSED [ 62%]
tests/monitoring/test_cleanup_service.py::TestCleanupOldLogsService::test_returns_zero_when_nothing_to_delete PASSED [ 62%]
tests/monitoring/test_cleanup_service.py::TestCleanupOldLogsService::test_deletes_all_old_logs PASSED [ 62%]
tests/monitoring/test_cleanup_service.py::TestCleanupOldLogsService::test_log_exactly_on_retention_boundary_is_not_deleted PASSED [ 62%]
tests/monitoring/test_cleanup_service.py::TestCleanupOldLogsService::test_recent_logs_are_preserved PASSED [ 62%]
tests/monitoring/test_cleanup_service.py::TestCleanupOldLogsService::test_logger_called PASSED [ 63%]
tests/monitoring/test_cleanup_service.py::TestCleanupOldLogsService::test_callable_instance PASSED [ 63%]
tests/monitoring/test_cleanup_service.py::TestCleanupOldLogsService::test_returns_integer PASSED [ 63%]
tests/monitoring/test_filters.py::TestLogFilter::test_filter_by_service PASSED [ 63%]
tests/monitoring/test_filters.py::TestLogFilter::test_filter_status_case_insensitive PASSED [ 63%]
tests/monitoring/test_filters.py::TestLogFilter::test_filter_status_no_match PASSED [ 63%]
tests/monitoring/test_filters.py::TestLogFilter::test_filter_status_code PASSED [ 63%]
tests/monitoring/test_filters.py::TestLogFilter::test_filter_created_after PASSED [ 63%]
tests/monitoring/test_filters.py::TestLogFilter::test_filter_created_before PASSED [ 64%]
tests/monitoring/test_filters.py::TestLogFilter::test_filter_created_between_range PASSED [ 64%]
tests/monitoring/test_filters.py::TestLogFilter::test_filter_min_response_time PASSED [ 64%]
tests/monitoring/test_filters.py::TestLogFilter::test_filter_max_response_time PASSED [ 64%]
tests/monitoring/test_filters.py::TestLogFilter::test_filter_response_time_range PASSED [ 64%]
tests/monitoring/test_filters.py::TestLogFilter::test_filter_message_contains PASSED [ 64%]
tests/monitoring/test_filters.py::TestLogFilter::test_filter_message_case_insensitive PASSED [ 64%]
tests/monitoring/test_filters.py::TestLogFilter::test_filter_message_no_match PASSED [ 64%]
tests/monitoring/test_filters.py::TestLogFilter::test_multiple_filters_together PASSED [ 65%]
tests/monitoring/test_filters.py::TestLogFilter::test_empty_filter_returns_all_logs PASSED [ 65%]
tests/monitoring/test_filters.py::TestLogFilter::test_unknown_parameter_is_ignored PASSED [ 65%]
tests/monitoring/test_filters.py::TestLogFilter::test_meta_model PASSED  [ 65%]
tests/monitoring/test_filters.py::TestLogFilter::test_meta_fields PASSED [ 65%]
tests/monitoring/test_models.py::TestServiceModel::test_create_service_successfully PASSED [ 65%]
tests/monitoring/test_models.py::TestServiceModel::test_default_values PASSED [ 65%]
tests/monitoring/test_models.py::TestServiceModel::test_string_representation PASSED [ 65%]
tests/monitoring/test_models.py::TestServiceModel::test_slug_is_generated_automatically PASSED [ 66%]
tests/monitoring/test_models.py::TestServiceModel::test_slug_is_not_modified_when_already_provided PASSED [ 66%]
tests/monitoring/test_models.py::TestServiceModel::test_empty_name_generates_default_slug PASSED [ 66%]
tests/monitoring/test_models.py::TestServiceModel::test_slug_can_be_reused_after_soft_delete PASSED [ 66%]
tests/monitoring/test_models.py::TestServiceModel::test_same_slug_allowed_for_different_users PASSED [ 66%]
tests/monitoring/test_models.py::TestServiceModel::test_same_name_same_user_not_allowed PASSED [ 66%]
tests/monitoring/test_models.py::TestServiceModel::test_same_name_different_users_allowed PASSED [ 66%]
tests/monitoring/test_models.py::TestServiceModel::test_same_slug_same_user_not_allowed PASSED [ 66%]
tests/monitoring/test_models.py::TestServiceModel::test_same_slug_different_users_allowed PASSED [ 67%]
tests/monitoring/test_models.py::TestServiceModel::test_soft_deleted_name_can_be_reused PASSED [ 67%]
tests/monitoring/test_models.py::TestServiceModel::test_soft_deleted_slug_can_be_reused PASSED [ 67%]
tests/monitoring/test_models.py::TestServiceModel::test_ordering_newest_first PASSED [ 67%]
tests/monitoring/test_models.py::TestServiceModel::test_created_at_is_set PASSED [ 67%]
tests/monitoring/test_models.py::TestServiceModel::test_updated_at_changes_after_save PASSED [ 67%]
tests/monitoring/test_models.py::TestServiceModel::test_all_status_choices_work PASSED [ 67%]
tests/monitoring/test_models.py::TestServiceModel::test_last_checked_at_can_be_updated PASSED [ 67%]
tests/monitoring/test_models.py::TestLogModel::test_create_log_successfully PASSED [ 68%]
tests/monitoring/test_models.py::TestLogModel::test_default_values PASSED [ 68%]
tests/monitoring/test_models.py::TestLogModel::test_string_representation PASSED [ 68%]
tests/monitoring/test_models.py::TestLogModel::test_metadata_accepts_dictionary PASSED [ 68%]
tests/monitoring/test_models.py::TestLogModel::test_metadata_defaults_to_empty_dict PASSED [ 68%]
tests/monitoring/test_models.py::TestLogModel::test_metadata_instances_are_independent PASSED [ 68%]
tests/monitoring/test_models.py::TestLogModel::test_all_status_choices PASSED [ 68%]
tests/monitoring/test_models.py::TestLogModel::test_all_severity_choices PASSED [ 68%]
tests/monitoring/test_models.py::TestLogModel::test_valid_status_code_lower_boundary PASSED [ 69%]
tests/monitoring/test_models.py::TestLogModel::test_valid_status_code_upper_boundary PASSED [ 69%]
tests/monitoring/test_models.py::TestLogModel::test_status_code_below_range_fails_validation PASSED [ 69%]
tests/monitoring/test_models.py::TestLogModel::test_status_code_above_range_fails_validation PASSED [ 69%]
tests/monitoring/test_models.py::TestLogModel::test_response_time_can_be_zero PASSED [ 69%]
tests/monitoring/test_models.py::TestLogModel::test_response_time_can_store_large_values PASSED [ 69%]
tests/monitoring/test_models.py::TestLogModel::test_logs_are_ordered_newest_first PASSED [ 69%]
tests/monitoring/test_models.py::TestLogModel::test_created_at_is_set PASSED [ 69%]
tests/monitoring/test_models.py::TestLogModel::test_logs_are_deleted_when_service_is_deleted PASSED [ 70%]
tests/monitoring/test_models.py::TestLogModel::test_nullable_fields_accept_none PASSED [ 70%]
tests/monitoring/test_models.py::TestLogModel::test_log_belongs_to_correct_service PASSED [ 70%]
tests/monitoring/test_pagination.py::TestLogCursorPaginationBehavior::test_default_page_contains_20_results PASSED [ 70%]
tests/monitoring/test_pagination.py::TestLogCursorPaginationBehavior::test_returns_all_results_when_less_than_page_size PASSED [ 70%]
tests/monitoring/test_pagination.py::TestLogCursorPaginationBehavior::test_returns_exact_page_size PASSED [ 70%]
tests/monitoring/test_pagination.py::TestLogCursorPaginationBehavior::test_custom_page_size PASSED [ 70%]
tests/monitoring/test_pagination.py::TestLogCursorPaginationBehavior::test_page_size_is_limited_to_max_page_size PASSED [ 70%]
tests/monitoring/test_pagination.py::TestLogCursorPaginationBehavior::test_results_are_ordered_by_created_at_descending PASSED [ 71%]
tests/monitoring/test_pagination.py::TestLogCursorPaginationBehavior::test_ordering_configuration PASSED [ 71%]
tests/monitoring/test_pagination.py::TestLogCursorPaginationBehavior::test_empty_queryset_returns_empty_page PASSED [ 71%]
tests/monitoring/test_pagination.py::TestLogCursorPaginationBehavior::test_get_paginated_response_contains_results PASSED [ 71%]
tests/monitoring/test_pagination.py::TestLogCursorPaginationBehavior::test_invalid_page_size_uses_default PASSED [ 71%]
tests/monitoring/test_serializers.py::TestLogWriteSerializer::test_valid_success_log PASSED [ 71%]
tests/monitoring/test_serializers.py::TestLogWriteSerializer::test_valid_warning_log PASSED [ 71%]
tests/monitoring/test_serializers.py::TestLogWriteSerializer::test_valid_error_log PASSED [ 72%]
tests/monitoring/test_serializers.py::TestLogWriteSerializer::test_valid_without_status_code PASSED [ 72%]
tests/monitoring/test_serializers.py::TestLogWriteSerializer::test_valid_without_response_time PASSED [ 72%]
tests/monitoring/test_serializers.py::TestLogWriteSerializer::test_valid_with_zero_response_time PASSED [ 72%]
tests/monitoring/test_serializers.py::TestLogWriteSerializer::test_serializer_creates_log PASSED [ 72%]
tests/monitoring/test_serializers.py::TestLogWriteSerializer::test_negative_response_time_fails PASSED [ 72%]
tests/monitoring/test_serializers.py::TestLogWriteSerializer::test_none_response_time_is_valid PASSED [ 72%]
tests/monitoring/test_serializers.py::TestLogWriteSerializer::test_status_code_100_is_valid PASSED [ 72%]
tests/monitoring/test_serializers.py::TestLogWriteSerializer::test_status_code_599_is_valid PASSED [ 73%]
tests/monitoring/test_serializers.py::TestLogWriteSerializer::test_status_code_below_100_fails PASSED [ 73%]
tests/monitoring/test_serializers.py::TestLogWriteSerializer::test_status_code_above_599_fails PASSED [ 73%]
tests/monitoring/test_serializers.py::TestLogWriteSerializer::test_missing_status_fails PASSED [ 73%]
tests/monitoring/test_serializers.py::TestLogWriteSerializer::test_invalid_status_fails PASSED [ 73%]
tests/monitoring/test_serializers.py::TestLogWriteSerializer::test_error_status_with_399_status_code_fails PASSED [ 73%]
tests/monitoring/test_serializers.py::TestLogWriteSerializer::test_error_status_with_400_status_code_is_valid PASSED [ 73%]
tests/monitoring/test_serializers.py::TestLogWriteSerializer::test_error_status_with_500_status_code_is_valid PASSED [ 73%]
tests/monitoring/test_serializers.py::TestLogWriteSerializer::test_error_status_without_status_code_is_valid PASSED [ 74%]
tests/monitoring/test_serializers.py::TestLogWriteSerializer::test_success_status_with_200_status_code_is_valid PASSED [ 74%]
tests/monitoring/test_serializers.py::TestLogWriteSerializer::test_warning_status_with_300_status_code_is_valid PASSED [ 74%]
tests/monitoring/test_serializers.py::TestLogWriteSerializer::test_message_is_preserved_when_given PASSED [ 74%]
tests/monitoring/test_serializers.py::TestLogWriteSerializer::test_message_fallback_when_blank PASSED [ 74%]
tests/monitoring/test_serializers.py::TestLogWriteSerializer::test_message_fallback_when_none PASSED [ 74%]
tests/monitoring/test_serializers.py::TestLogWriteSerializer::test_message_fallback_when_missing PASSED [ 74%]
tests/monitoring/test_serializers.py::TestLogWriteSerializer::test_save_uses_generated_fallback_message PASSED [ 74%]
tests/monitoring/test_serializers.py::TestLogWriteSerializer::test_save_with_none_message_generates_fallback PASSED [ 75%]
tests/monitoring/test_serializers.py::TestLogReadSerializer::test_serializer_returns_correct_fields PASSED [ 75%]
tests/monitoring/test_serializers.py::TestLogReadSerializer::test_service_name_is_serialized PASSED [ 75%]
tests/monitoring/test_serializers.py::TestLogReadSerializer::test_created_at_is_present PASSED [ 75%]
tests/monitoring/test_serializers.py::TestLogReadSerializer::test_serializer_is_read_only PASSED [ 75%]
tests/monitoring/test_serializers.py::TestLogReadSerializer::test_meta_model PASSED [ 75%]
tests/monitoring/test_serializers.py::TestLogReadSerializer::test_meta_fields PASSED [ 75%]
tests/monitoring/test_serializers.py::TestLogReadSerializer::test_meta_read_only_fields PASSED [ 75%]
tests/monitoring/test_serializers.py::TestLogReadSerializer::test_service_name_is_string PASSED [ 76%]
tests/monitoring/test_serializers.py::TestLogReadSerializer::test_status_code_is_integer PASSED [ 76%]
tests/monitoring/test_serializers.py::TestLogReadSerializer::test_response_time_is_integer PASSED [ 76%]
tests/monitoring/test_serializers.py::TestLogReadSerializer::test_message_is_string PASSED [ 76%]
tests/monitoring/test_serializers.py::TestLogReadSerializer::test_serializer_handles_null_values PASSED [ 76%]
tests/monitoring/test_serializers.py::TestLogReadSerializer::test_serializer_many PASSED [ 76%]
tests/monitoring/test_tasks.py::TestProcessLogForAlertsTask::test_processes_existing_log PASSED [ 76%]
tests/monitoring/test_tasks.py::TestProcessLogForAlertsTask::test_process_called_exactly_once PASSED [ 76%]
tests/monitoring/test_tasks.py::TestProcessLogForAlertsTask::test_process_receives_correct_log PASSED [ 77%]
tests/monitoring/test_tasks.py::TestProcessLogForAlertsTask::test_missing_log_is_handled_gracefully PASSED [ 77%]
tests/monitoring/test_tasks.py::TestProcessLogForAlertsTask::test_missing_log_returns_none PASSED [ 77%]
tests/monitoring/test_tasks.py::TestProcessLogForAlertsTask::test_uses_select_related_query PASSED [ 77%]
tests/monitoring/test_tasks.py::TestProcessLogForAlertsTask::test_logger_messages_are_written PASSED [ 77%]
tests/monitoring/test_tasks.py::TestMonitoringTaskIntegration::test_process_log_task_returns_none PASSED [ 77%]
tests/monitoring/test_tasks.py::TestMonitoringTaskIntegration::test_cleanup_old_logs_returns_integer PASSED [ 77%]
tests/monitoring/test_tasks.py::TestMonitoringTaskIntegration::test_cleanup_monitoring_return_structure PASSED [ 77%]
tests/monitoring/test_tasks.py::TestMonitoringTaskIntegration::test_task_can_process_error_log PASSED [ 78%]
tests/monitoring/test_tasks.py::TestMonitoringTaskIntegration::test_task_can_process_warning_log PASSED [ 78%]
tests/monitoring/test_views.py::TestHealthCheckAPIView::test_returns_200_when_healthy PASSED [ 78%]
tests/monitoring/test_views.py::TestHealthCheckAPIView::test_returns_503_when_unhealthy PASSED [ 78%]
tests/monitoring/test_views.py::TestHealthCheckAPIView::test_endpoint_does_not_require_authentication PASSED [ 78%]
tests/monitoring/test_views.py::TestHealthCheckAPIView::test_sets_cache_control_header PASSED [ 78%]
tests/monitoring/test_views.py::TestHealthCheckAPIView::test_returns_service_payload_without_modification PASSED [ 78%]
tests/monitoring/test_views.py::TestHealthCheckAPIView::test_calls_health_service_once PASSED [ 78%]
tests/monitoring/test_views.py::TestLogAuthentication::test_list_requires_authentication PASSED [ 79%]
tests/monitoring/test_views.py::TestLogAuthentication::test_retrieve_requires_authentication PASSED [ 79%]
tests/monitoring/test_views.py::TestLogAuthentication::test_create_requires_authentication PASSED [ 79%]
tests/monitoring/test_views.py::TestLogAuthentication::test_authenticated_user_can_access_list PASSED [ 79%]
tests/monitoring/test_views.py::TestLogAuthentication::test_authenticated_user_can_retrieve_log PASSED [ 79%]
tests/monitoring/test_views.py::TestLogAuthentication::test_authenticated_user_can_create_log PASSED [ 79%]
tests/monitoring/test_views.py::TestLogListAPI::test_returns_empty_list PASSED [ 79%]
tests/monitoring/test_views.py::TestLogListAPI::test_returns_all_logs PASSED [ 79%]
tests/monitoring/test_views.py::TestLogListAPI::test_list_uses_read_serializer PASSED [ 80%]
tests/monitoring/test_views.py::TestLogListAPI::test_latest_log_is_first PASSED [ 80%]
tests/monitoring/test_views.py::TestLogListAPI::test_paginated_response_contains_expected_keys PASSED [ 80%]
tests/monitoring/test_views.py::TestLogListAPI::test_can_order_by_response_time PASSED [ 80%]
tests/monitoring/test_views.py::TestLogListAPI::test_can_reverse_order_by_response_time PASSED [ 80%]
tests/monitoring/test_views.py::TestLogRetrieveAPI::test_retrieve_existing_log PASSED [ 80%]
tests/monitoring/test_views.py::TestLogRetrieveAPI::test_retrieve_non_existing_log_returns_404 PASSED [ 80%]
tests/monitoring/test_views.py::TestLogRetrieveAPI::test_retrieve_contains_all_read_only_fields PASSED [ 80%]
tests/monitoring/test_views.py::TestLogRetrieveAPI::test_retrieve_uses_read_serializer PASSED [ 81%]
tests/monitoring/test_views.py::TestLogRetrieveAPI::test_retrieve_returns_correct_status_fields PASSED [ 81%]
tests/monitoring/test_views.py::TestLogRetrieveAPI::test_retrieve_only_accepts_get PASSED [ 81%]
tests/monitoring/test_views.py::TestLogCreateAPI::test_create_log_returns_201 PASSED [ 81%]
tests/monitoring/test_views.py::TestLogCreateAPI::test_invalid_payload_returns_400 PASSED [ 81%]
tests/monitoring/test_views.py::TestLogCreateAPI::test_missing_required_fields PASSED [ 81%]
tests/monitoring/test_views.py::TestLogCreateAPI::test_invalid_service_returns_400 PASSED [ 81%]
tests/monitoring/test_views.py::TestLogCreateAPI::test_celery_task_is_registered_after_commit PASSED [ 81%]
tests/monitoring/test_views.py::TestLogCreateAPI::test_created_log_contains_correct_values PASSED [ 82%]
tests/monitoring/test_views.py::TestLogCreateAPI::test_put_not_allowed PASSED [ 82%]
tests/monitoring/test_views.py::TestLogCreateAPI::test_patch_not_allowed PASSED [ 82%]
tests/monitoring/test_views.py::TestLogCreateAPI::test_delete_not_allowed PASSED [ 82%]
tests/monitoring/test_views.py::TestLogViewSetInternalMethods::test_get_serializer_returns_write_serializer_for_create PASSED [ 82%]
tests/monitoring/test_views.py::TestLogViewSetInternalMethods::test_get_serializer_returns_read_serializer_for_list PASSED [ 82%]
tests/monitoring/test_views.py::TestLogViewSetInternalMethods::test_get_serializer_returns_read_serializer_for_retrieve PASSED [ 82%]
tests/monitoring/test_views.py::TestLogViewSetInternalMethods::test_get_serializer_returns_read_serializer_for_unknown_action PASSED [ 82%]
tests/monitoring/test_views.py::TestLogViewSetInternalMethods::test_perform_create_registers_transaction_callback PASSED [ 83%]
tests/monitoring/test_views.py::TestLogViewSetInternalMethods::test_get_queryset_returns_all_logs PASSED [ 83%]
tests/monitoring/test_views.py::TestLogViewSetInternalMethods::test_get_queryset_is_ordered_by_created_at_desc PASSED [ 83%]
tests/monitoring/test_views.py::TestLogViewSetInternalMethods::test_get_queryset_uses_select_related PASSED [ 83%]
tests/monitoring/test_views.py::TestLogViewSetInternalMethods::test_http_methods_are_restricted PASSED [ 83%]
tests/monitoring/test_views.py::TestLogViewSetInternalMethods::test_permission_classes PASSED [ 83%]
tests/monitoring/test_views.py::TestLogViewSetInternalMethods::test_filterset_configuration PASSED [ 83%]
tests/monitoring/test_views.py::TestLogViewSetInternalMethods::test_pagination_configuration PASSED [ 83%]
tests/monitoring/test_views.py::TestLogViewSetInternalMethods::test_default_ordering_configuration PASSED [ 84%]
tests/monitoring/test_views.py::TestLogViewSetInternalMethods::test_ordering_fields_configuration PASSED [ 84%]
tests/monitoring/test_views.py::TestLogViewSetIntegration::test_filter_by_status PASSED [ 84%]
tests/monitoring/test_views.py::TestLogViewSetIntegration::test_filter_by_status_code PASSED [ 84%]
tests/monitoring/test_views.py::TestLogViewSetIntegration::test_filter_by_message PASSED [ 84%]
tests/monitoring/test_views.py::TestLogViewSetIntegration::test_filter_by_response_time PASSED [ 84%]
tests/monitoring/test_views.py::TestLogViewSetIntegration::test_filter_created_after PASSED [ 84%]
tests/monitoring/test_views.py::TestLogViewSetIntegration::test_filter_created_before PASSED [ 84%]
tests/monitoring/test_views.py::TestLogViewSetIntegration::test_filter_by_service PASSED [ 85%]
tests/accounts/test_serializers.py::TestLoginSerializer::test_valid_login_serializer PASSED [ 85%]
tests/accounts/test_serializers.py::TestLoginSerializer::test_email_is_normalized PASSED [ 85%]
tests/accounts/test_serializers.py::TestEmailSerializer::test_valid_email_serializer PASSED [ 85%]
tests/accounts/test_serializers.py::TestEmailSerializer::test_email_is_normalized PASSED [ 85%]
tests/accounts/test_serializers.py::TestPasswordResetConfirmSerializer::test_valid_serializer PASSED [ 85%]
tests/accounts/test_serializers.py::TestPasswordResetConfirmSerializer::test_blank_token_fails PASSED [ 85%]
tests/accounts/test_serializers.py::TestPasswordResetConfirmSerializer::test_password_validation_called PASSED [ 86%]
tests/accounts/test_serializers.py::TestRefreshTokenSerializer::test_valid_refresh_token PASSED [ 86%]
tests/accounts/test_serializers.py::TestRefreshTokenSerializer::test_blank_refresh_token_fails PASSED [ 86%]
tests/accounts/test_serializers.py::TestGoogleLoginSerializer::test_valid_google_login_serializer PASSED [ 86%]
tests/accounts/test_serializers.py::TestGoogleLoginSerializer::test_blank_google_token_fails PASSED [ 86%]
tests/accounts/test_tasks.py::TestCleanupExpiredEmailVerificationTokensTask::test_cleanup_email_tokens_task PASSED [ 86%]
tests/accounts/test_tasks.py::TestCleanupExpiredPasswordResetTokensTask::test_cleanup_password_reset_tokens_task PASSED [ 86%]
tests/accounts/test_tasks.py::TestCleanupInactiveSessionsTask::test_cleanup_inactive_sessions_task PASSED [ 86%]
tests/accounts/test_tasks.py::TestCleanupAccountsTask::test_cleanup_accounts_runs_all_tasks PASSED [ 87%]
tests/accounts/test_tasks.py::TestCleanupAccountsTask::test_cleanup_accounts_returns_zero_counts PASSED [ 87%]
tests/accounts/test_urls.py::TestAccountURLs::test_register_url PASSED   [ 87%]
tests/accounts/test_urls.py::TestAccountURLs::test_login_url PASSED      [ 87%]
tests/accounts/test_urls.py::TestAccountURLs::test_verify_email_url PASSED [ 87%]
tests/accounts/test_urls.py::TestAccountURLs::test_resend_verification_url PASSED [ 87%]
tests/accounts/test_urls.py::TestAccountURLs::test_refresh_url PASSED    [ 87%]
tests/accounts/test_urls.py::TestAccountURLs::test_logout_url PASSED     [ 87%]
tests/accounts/test_urls.py::TestAccountURLs::test_password_reset_url PASSED [ 88%]
tests/accounts/test_urls.py::TestAccountURLs::test_password_reset_confirm_url PASSED [ 88%]
tests/accounts/test_urls.py::TestAccountURLs::test_google_login_url PASSED [ 88%]
tests/accounts/test_urls.py::TestAccountURLs::test_google_test_url PASSED [ 88%]
tests/accounts/test_utils.py::TestGenerateToken::test_generate_token_returns_string PASSED [ 88%]
tests/accounts/test_utils.py::TestGenerateToken::test_generate_token_is_unique PASSED [ 88%]
tests/accounts/test_utils.py::TestHashToken::test_hash_token_matches_sha256 PASSED [ 88%]
tests/accounts/test_utils.py::TestHashToken::test_hash_token_is_deterministic PASSED [ 88%]
tests/accounts/test_utils.py::TestHashToken::test_different_tokens_produce_different_hashes PASSED [ 89%]
tests/accounts/test_utils.py::TestSendEmail::test_send_email_success PASSED [ 89%]
tests/accounts/test_utils.py::TestSendEmail::test_send_email_logs_success PASSED [ 89%]
tests/accounts/test_utils.py::TestSendEmail::test_send_email_failure_is_reraised PASSED [ 89%]
tests/accounts/test_utils.py::TestBuildVerificationLink::test_build_verification_link PASSED [ 89%]
tests/accounts/test_utils.py::TestBuildResetLink::test_build_reset_link PASSED [ 89%]
tests/alerts/test_pagination.py::TestAlertCursorPaginationConfiguration::test_default_page_size PASSED [ 89%]
tests/alerts/test_pagination.py::TestAlertCursorPaginationConfiguration::test_page_size_query_param PASSED [ 89%]
tests/alerts/test_pagination.py::TestAlertCursorPaginationConfiguration::test_max_page_size PASSED [ 90%]
tests/alerts/test_pagination.py::TestAlertCursorPaginationConfiguration::test_default_ordering PASSED [ 90%]
tests/alerts/test_pagination.py::TestAlertCursorPaginationConfiguration::test_inherits_cursor_pagination PASSED [ 90%]
tests/alerts/test_pagination.py::TestAlertCursorPaginationConfiguration::test_pagination_instance_created PASSED [ 90%]
tests/alerts/test_serializers.py::TestAlertResolveSerializer::test_resolving_alert_requires_note PASSED [ 90%]
tests/alerts/test_serializers.py::TestAlertResolveSerializer::test_resolving_alert_with_note_is_valid PASSED [ 90%]
tests/alerts/test_serializers.py::TestAlertResolveSerializer::test_open_status_without_note_is_valid PASSED [ 90%]
tests/alerts/test_tasks.py::TestCleanupAlertsTask::test_cleanup_service_called PASSED [ 90%]
tests/alerts/test_tasks.py::TestCleanupAlertsTask::test_returns_cleanup_result PASSED [ 91%]
tests/alerts/test_tasks.py::TestCleanupAlertsTask::test_returns_empty_result PASSED [ 91%]
tests/alerts/test_tasks.py::TestCleanupAlertsTask::test_cleanup_called_once PASSED [ 91%]
tests/alerts/test_tasks.py::TestTaskConfiguration::test_dispatch_task_name PASSED [ 91%]
tests/alerts/test_tasks.py::TestTaskConfiguration::test_cleanup_task_name PASSED [ 91%]
tests/alerts/test_tasks.py::TestTaskConfiguration::test_dispatch_task_is_bound PASSED [ 91%]
tests/alerts/test_tasks.py::TestTaskConfiguration::test_dispatch_task_autoretry_for PASSED [ 91%]
tests/alerts/test_tasks.py::TestTaskConfiguration::test_dispatch_task_retry_backoff_enabled PASSED [ 91%]
tests/alerts/test_tasks.py::TestTaskConfiguration::test_dispatch_task_max_retries PASSED [ 92%]
tests/alerts/test_views.py::TestAlertConfiguration::test_filter_backends PASSED [ 92%]
tests/alerts/test_views.py::TestAlertConfiguration::test_ordering_fields PASSED [ 92%]
tests/alerts/test_views.py::TestAlertConfiguration::test_viewset_does_not_have_update PASSED [ 92%]
tests/alerts/test_views.py::TestAlertConfiguration::test_viewset_does_not_have_destroy PASSED [ 92%]
tests/monitoring/test_health_service.py::TestApplicationHealth::test_application_is_always_healthy PASSED [ 92%]
tests/monitoring/test_health_service.py::TestDatabaseHealth::test_database_healthy PASSED [ 92%]
tests/monitoring/test_health_service.py::TestDatabaseHealth::test_database_failure PASSED [ 92%]
tests/monitoring/test_health_service.py::TestRedisHealth::test_redis_ping_success PASSED [ 93%]
tests/monitoring/test_health_service.py::TestRedisHealth::test_missing_broker_url PASSED [ 93%]
tests/monitoring/test_health_service.py::TestRedisHealth::test_redis_connection_failure PASSED [ 93%]
tests/monitoring/test_health_service.py::TestCeleryHealth::test_celery_fully_healthy PASSED [ 93%]
tests/monitoring/test_health_service.py::TestCeleryHealth::test_celery_broker_failure PASSED [ 93%]
tests/monitoring/test_health_service.py::TestCeleryHealth::test_no_workers_running PASSED [ 93%]
tests/monitoring/test_health_service.py::TestCeleryHealth::test_worker_ping_exception PASSED [ 93%]
tests/monitoring/test_health_service.py::TestCeleryBeat::test_celery_beat_returns_unknown PASSED [ 93%]
tests/monitoring/test_health_service.py::TestGetHealthStatus::test_health_status_success PASSED [ 94%]
tests/monitoring/test_health_service.py::TestGetHealthStatus::test_health_status_unexpected_exception PASSED [ 94%]
tests/monitoring/test_health_service.py::TestBuildResponse::test_all_checks_healthy PASSED [ 94%]
tests/monitoring/test_health_service.py::TestBuildResponse::test_unhealthy_component_changes_overall_status PASSED [ 94%]
tests/monitoring/test_health_service.py::TestBuildResponse::test_unknown_status_does_not_make_system_unhealthy PASSED [ 94%]
tests/monitoring/test_health_service.py::TestFallbackResponse::test_fallback_response PASSED [ 94%]
tests/monitoring/test_health_service.py::TestHelperFunction::test_get_environment_development PASSED [ 94%]
tests/monitoring/test_health_service.py::TestHelperFunction::test_get_environment_production PASSED [ 94%]
tests/monitoring/test_health_service.py::TestHelperFunction::test_get_api_version PASSED [ 95%]
tests/monitoring/test_health_service.py::TestHelperFunction::test_get_api_version_default PASSED [ 95%]
tests/monitoring/test_health_service.py::TestHelperFunction::test_get_uptime_seconds_returns_integer PASSED [ 95%]
tests/monitoring/test_health_service.py::TestHelperFunction::test_utc_now_iso_returns_string PASSED [ 95%]
tests/monitoring/test_pagination.py::TestLogCursorPagination::test_default_page_size PASSED [ 95%]
tests/monitoring/test_pagination.py::TestLogCursorPagination::test_page_size_query_param PASSED [ 95%]
tests/monitoring/test_pagination.py::TestLogCursorPagination::test_max_page_size PASSED [ 95%]
tests/monitoring/test_pagination.py::TestLogCursorPagination::test_default_ordering PASSED [ 95%]
tests/monitoring/test_tasks.py::TestCleanupOldLogsTask::test_cleanup_returns_deleted_count PASSED [ 96%]
tests/monitoring/test_tasks.py::TestCleanupOldLogsTask::test_cleanup_service_called_once PASSED [ 96%]
tests/monitoring/test_tasks.py::TestCleanupOldLogsTask::test_zero_deleted_logs PASSED [ 96%]
tests/monitoring/test_tasks.py::TestCleanupMonitoringTask::test_cleanup_monitoring_returns_summary PASSED [ 96%]
tests/monitoring/test_tasks.py::TestCleanupMonitoringTask::test_cleanup_monitoring_logs_start_and_finish PASSED [ 96%]
tests/monitoring/test_tasks.py::TestCleanupMonitoringTask::test_cleanup_monitoring_calls_cleanup_logs_once PASSED [ 96%]
tests/monitoring/test_tasks.py::TestCleanupMonitoringTask::test_cleanup_monitoring_handles_zero_deleted_logs PASSED [ 96%]
tests/monitoring/test_urls.py::TestMonitoringURLs::test_logs_list_reverse PASSED [ 96%]
tests/monitoring/test_urls.py::TestMonitoringURLs::test_logs_detail_reverse PASSED [ 97%]
tests/monitoring/test_urls.py::TestMonitoringURLs::test_logs_list_resolves PASSED [ 97%]
tests/monitoring/test_urls.py::TestMonitoringURLs::test_logs_detail_resolves PASSED [ 97%]
tests/monitoring/test_urls.py::TestMonitoringURLs::test_logs_list_uses_log_viewset PASSED [ 97%]
tests/monitoring/test_urls.py::TestMonitoringURLs::test_logs_detail_uses_log_viewset PASSED [ 97%]
tests/monitoring/test_urls.py::TestMonitoringURLs::test_router_generated_names_exist PASSED [ 97%]
tests/monitoring/test_urls.py::TestProjectURLs::test_health_endpoint_reverse PASSED [ 97%]
tests/monitoring/test_urls.py::TestProjectURLs::test_health_endpoint_resolves PASSED [ 97%]
tests/monitoring/test_urls.py::TestProjectURLs::test_monitoring_prefix_exists PASSED [ 98%]
tests/monitoring/test_urls.py::TestProjectURLs::test_detail_route_captures_pk PASSED [ 98%]
tests/monitoring/test_urls.py::TestProjectURLs::test_health_endpoint_name_exists PASSED [ 98%]
tests/monitoring/test_urls.py::TestProjectURLs::test_reverse_and_resolve_are_consistent PASSED [ 98%]
tests/monitoring/test_urls.py::TestProjectURLs::test_detail_reverse_and_resolve_are_consistent PASSED [ 98%]
tests/monitoring/test_urls.py::TestProjectURLs::test_health_endpoint_uses_healthcheck_apiview PASSED [ 98%]
tests/monitoring/test_urls.py::TestProjectURLs::test_url_names_are_unique PASSED [ 98%]
tests/monitoring/test_views.py::TestLogViewConfiguration::test_queryset_exists PASSED [ 98%]
tests/monitoring/test_views.py::TestLogViewConfiguration::test_http_method_names PASSED [ 99%]
tests/monitoring/test_views.py::TestLogViewConfiguration::test_permission_classes PASSED [ 99%]
tests/monitoring/test_views.py::TestLogViewConfiguration::test_filter_backends PASSED [ 99%]
tests/monitoring/test_views.py::TestLogViewConfiguration::test_filterset PASSED [ 99%]
tests/monitoring/test_views.py::TestLogViewConfiguration::test_pagination PASSED [ 99%]
tests/monitoring/test_views.py::TestLogViewConfiguration::test_default_ordering PASSED [ 99%]
tests/monitoring/test_views.py::TestLogViewConfiguration::test_ordering_fields PASSED [ 99%]
tests/monitoring/test_views.py::TestLogViewConfiguration::test_only_expected_mixins_are_used PASSED [100%]

============================== warnings summary ===============================
tests/accounts/test_models.py: 15 warnings
tests/accounts/test_serializers.py: 1 warning
tests/accounts/test_services.py: 49 warnings
tests/accounts/test_tokens.py: 11 warnings
tests/accounts/test_views.py: 11 warnings
tests/alerts/test_cleanup_service.py: 42 warnings
tests/alerts/test_email_service.py: 118 warnings
tests/alerts/test_filters.py: 65 warnings
tests/alerts/test_models.py: 45 warnings
tests/alerts/test_notification_service.py: 62 warnings
tests/alerts/test_pagination.py: 400 warnings
tests/alerts/test_serializers.py: 12 warnings
tests/alerts/test_tasks.py: 12 warnings
tests/alerts/test_views.py: 51 warnings
tests/apis/test_alerts.py: 54 warnings
tests/apis/test_auth.py: 5 warnings
tests/apis/test_logs.py: 35 warnings
tests/factories/test_factories.py: 5 warnings
tests/integration/test_alert_notification.py: 6 warnings
tests/integration/test_email_verification_workflow.py: 3 warnings
tests/integration/test_log_to_alert.py: 7 warnings
tests/integration/test_login_workflow.py: 4 warnings
tests/integration/test_monitoring_pipeline.py: 3 warnings
tests/integration/test_password_reset_workflow.py: 2 warnings
tests/integration/test_permission_workflow.py: 1 warning
tests/monitoring/test_alert_service.py: 31 warnings
tests/monitoring/test_cleanup_service.py: 7 warnings
tests/monitoring/test_filters.py: 16 warnings
tests/monitoring/test_models.py: 41 warnings
tests/monitoring/test_pagination.py: 8 warnings
tests/monitoring/test_serializers.py: 37 warnings
tests/monitoring/test_tasks.py: 8 warnings
tests/monitoring/test_views.py: 65 warnings
  H:\Projects\ai_ops\venv\Lib\site-packages\factory\django.py:182: DeprecationWarning: UserFactory._after_postgeneration will stop saving the instance after postgeneration hooks in the next major release.
  If the save call is extraneous, set skip_postgeneration_save=True in the UserFactory.Meta.
  To keep saving the instance, move the save call to your postgeneration hooks or override _after_postgeneration.
    warnings.warn(

tests/accounts/test_views.py: 49 warnings
tests/alerts/test_views.py: 19 warnings
tests/apis/test_alerts.py: 22 warnings
tests/apis/test_auth.py: 13 warnings
tests/apis/test_health.py: 5 warnings
tests/apis/test_logs.py: 20 warnings
tests/integration/test_email_verification_workflow.py: 7 warnings
tests/integration/test_health_monitoring.py: 5 warnings
tests/integration/test_login_workflow.py: 5 warnings
tests/integration/test_monitoring_pipeline.py: 2 warnings
tests/integration/test_password_reset_workflow.py: 4 warnings
tests/integration/test_permission_workflow.py: 4 warnings
tests/monitoring/test_views.py: 41 warnings
  H:\Projects\ai_ops\venv\Lib\site-packages\django\core\handlers\base.py:61: UserWarning: No directory at: H:\Projects\ai_ops\staticfiles\
    mw_instance = middleware(adapted_handler)

-- Docs: https://docs.pytest.org/en/stable/how-to/capture-warnings.html
=============================== tests coverage ================================
______________ coverage: platform win32, python 3.13.13-final-0 _______________

Name                                                                             Stmts   Miss  Cover   Missing
--------------------------------------------------------------------------------------------------------------
accounts\__init__.py                                                                 0      0   100%
accounts\admin.py                                                                   15      0   100%
accounts\apps.py                                                                     4      0   100%
accounts\managers.py                                                                19      0   100%
accounts\migrations\0001_initial.py                                                  9      0   100%
accounts\migrations\0002_emailverificationtoken_passwordresettoken_and_more.py       6      0   100%
accounts\migrations\__init__.py                                                      0      0   100%
accounts\models.py                                                                  47      0   100%
accounts\schemas\__init__.py                                                         0      0   100%
accounts\schemas\auth_schema.py                                                     22      0   100%
accounts\serializers.py                                                             57      3    95%   77, 100, 115
accounts\services.py                                                               227      0   100%
accounts\tasks.py                                                                   27      0   100%
accounts\throttling.py                                                               8      0   100%
accounts\tokens.py                                                                  24      0   100%
accounts\urls.py                                                                     3      0   100%
accounts\utils.py                                                                   24      0   100%
accounts\views.py                                                                  130      0   100%
alerts\__init__.py                                                                   0      0   100%
alerts\admin.py                                                                     28      7    75%   8-12, 21-22, 31-37
alerts\apps.py                                                                       4      0   100%
alerts\filters.py                                                                   17      0   100%
alerts\migrations\0001_initial.py                                                    7      0   100%
alerts\migrations\0002_alert_resolution_note.py                                      4      0   100%
alerts\migrations\__init__.py                                                        0      0   100%
alerts\models.py                                                                    42      0   100%
alerts\pagination.py                                                                 6      0   100%
alerts\schemas\__init__.py                                                           0      0   100%
alerts\schemas\alert_schema.py                                                       6      0   100%
alerts\serializers\alert_serializer.py                                              46      4    91%   70, 86, 100, 119
alerts\services\cleanup_service.py                                                  20      0   100%
alerts\services\email_service.py                                                    20      0   100%
alerts\services\notification_service.py                                             25      0   100%
alerts\services\slack_service.py                                                     6      2    67%   23-29
alerts\tasks.py                                                                     20      0   100%
alerts\urls.py                                                                       6      0   100%
alerts\views.py                                                                     52      0   100%
monitoring\__init__.py                                                               0      0   100%
monitoring\admin.py                                                                 58     17    71%   11-12, 19-20, 27-28, 55-57, 79, 83, 87-90, 98, 103
monitoring\apps.py                                                                   4      0   100%
monitoring\filters.py                                                               14      0   100%
monitoring\migrations\0001_initial.py                                                8      0   100%
monitoring\migrations\__init__.py                                                    0      0   100%
monitoring\models.py                                                                55      0   100%
monitoring\pagination.py                                                             6      0   100%
monitoring\schemas\__init__.py                                                       0      0   100%
monitoring\schemas\health_schema.py                                                  2      0   100%
monitoring\schemas\log_schema.py                                                     5      0   100%
monitoring\serializers\log_serializer.py                                            34      3    91%   22, 27, 39
monitoring\services\alert_service.py                                                97      3    97%   337-349
monitoring\services\cleanup_service.py                                              13      0   100%
monitoring\services\health_service.py                                              101      0   100%
monitoring\tasks.py                                                                 28      0   100%
monitoring\urls.py                                                                   6      0   100%
monitoring\views.py                                                                 53      0   100%
tests\apis\test_alerts.py                                                          117      0   100%
tests\apis\test_auth.py                                                             75      0   100%
tests\apis\test_health.py                                                           52      0   100%
tests\apis\test_logs.py                                                             89      0   100%
tests\integration\__init__.py                                                        0      0   100%
tests\integration\test_alert_notification.py                                        43      0   100%
tests\integration\test_email_verification_workflow.py                               69      0   100%
tests\integration\test_health_monitoring.py                                         71      0   100%
tests\integration\test_log_to_alert.py                                              72      0   100%
tests\integration\test_login_workflow.py                                            52      0   100%
tests\integration\test_monitoring_pipeline.py                                       30      0   100%
tests\integration\test_password_reset_workflow.py                                   61      0   100%
tests\integration\test_permission_workflow.py                                       29      0   100%
--------------------------------------------------------------------------------------------------------------
TOTAL                                                                             2175     39    98%
=============== 793 passed, 1428 warnings in 667.89s (0:11:07) ================
